This is pdfTeX, Version 3.14159265-2.6-1.40.16 (TeX Live 2015/Debian) (preloaded format=pdflatex 2016.7.30)  27 JUL 2017 17:12
entering extended mode
 restricted \write18 enabled.
 %&-line parsing enabled.
**labnotebook.tex
(./labnotebook.tex
LaTeX2e <2016/02/01>
Babel <3.9q> and hyphenation patterns for 81 language(s) loaded.
(/usr/share/texlive/texmf-dist/tex/latex/base/article.cls
Document Class: article 2014/09/29 v1.4h Standard LaTeX document class
(/usr/share/texlive/texmf-dist/tex/latex/base/size10.clo
File: size10.clo 2014/09/29 v1.4h Standard LaTeX file (size option)
)
\c@part=\count79
\c@section=\count80
\c@subsection=\count81
\c@subsubsection=\count82
\c@paragraph=\count83
\c@subparagraph=\count84
\c@figure=\count85
\c@table=\count86
\abovecaptionskip=\skip41
\belowcaptionskip=\skip42
\bibindent=\dimen102
)
(/usr/share/texlive/texmf-dist/tex/latex/amsmath/amsmath.sty
Package: amsmath 2016/03/03 v2.15a AMS math features
\@mathmargin=\skip43

For additional information on amsmath, use the `?' option.
(/usr/share/texlive/texmf-dist/tex/latex/amsmath/amstext.sty
Package: amstext 2000/06/29 v2.01 AMS text

(/usr/share/texlive/texmf-dist/tex/latex/amsmath/amsgen.sty
File: amsgen.sty 1999/11/30 v2.0 generic functions
\@emptytoks=\toks14
\ex@=\dimen103
))
(/usr/share/texlive/texmf-dist/tex/latex/amsmath/amsbsy.sty
Package: amsbsy 1999/11/29 v1.2d Bold Symbols
\pmbraise@=\dimen104
)
(/usr/share/texlive/texmf-dist/tex/latex/amsmath/amsopn.sty
Package: amsopn 1999/12/14 v2.01 operator names
)
\inf@bad=\count87
LaTeX Info: Redefining \frac on input line 199.
\uproot@=\count88
\leftroot@=\count89
LaTeX Info: Redefining \overline on input line 297.
\classnum@=\count90
\DOTSCASE@=\count91
LaTeX Info: Redefining \ldots on input line 394.
LaTeX Info: Redefining \dots on input line 397.
LaTeX Info: Redefining \cdots on input line 518.
\Mathstrutbox@=\box26
\strutbox@=\box27
\big@size=\dimen105
LaTeX Font Info:    Redeclaring font encoding OML on input line 630.
LaTeX Font Info:    Redeclaring font encoding OMS on input line 631.
\macc@depth=\count92
\c@MaxMatrixCols=\count93
\dotsspace@=\muskip10
\c@parentequation=\count94
\dspbrk@lvl=\count95
\tag@help=\toks15
\row@=\count96
\column@=\count97
\maxfields@=\count98
\andhelp@=\toks16
\eqnshift@=\dimen106
\alignsep@=\dimen107
\tagshift@=\dimen108
\tagwidth@=\dimen109
\totwidth@=\dimen110
\lineht@=\dimen111
\@envbody=\toks17
\multlinegap=\skip44
\multlinetaggap=\skip45
\mathdisplay@stack=\toks18
LaTeX Info: Redefining \[ on input line 2735.
LaTeX Info: Redefining \] on input line 2736.
)
(/usr/share/texlive/texmf-dist/tex/latex/graphics/graphicx.sty
Package: graphicx 2014/10/28 v1.0g Enhanced LaTeX Graphics (DPC,SPQR)

(/usr/share/texlive/texmf-dist/tex/latex/graphics/keyval.sty
Package: keyval 2014/10/28 v1.15 key=value parser (DPC)
\KV@toks@=\toks19
)
(/usr/share/texlive/texmf-dist/tex/latex/graphics/graphics.sty
Package: graphics 2016/01/03 v1.0q Standard LaTeX Graphics (DPC,SPQR)

(/usr/share/texlive/texmf-dist/tex/latex/graphics/trig.sty
Package: trig 2016/01/03 v1.10 sin cos tan (DPC)
)
(/usr/share/texlive/texmf-dist/tex/latex/latexconfig/graphics.cfg
File: graphics.cfg 2010/04/23 v1.9 graphics configuration of TeX Live
)
Package graphics Info: Driver file: pdftex.def on input line 95.

(/usr/share/texlive/texmf-dist/tex/latex/pdftex-def/pdftex.def
File: pdftex.def 2011/05/27 v0.06d Graphics/color for pdfTeX

(/usr/share/texlive/texmf-dist/tex/generic/oberdiek/infwarerr.sty
Package: infwarerr 2010/04/08 v1.3 Providing info/warning/error messages (HO)
)
(/usr/share/texlive/texmf-dist/tex/generic/oberdiek/ltxcmds.sty
Package: ltxcmds 2011/11/09 v1.22 LaTeX kernel commands for general use (HO)
)
\Gread@gobject=\count99
))
\Gin@req@height=\dimen112
\Gin@req@width=\dimen113
)
(./labnotebook.aux)
\openout1 = `labnotebook.aux'.

LaTeX Font Info:    Checking defaults for OML/cmm/m/it on input line 3.
LaTeX Font Info:    ... okay on input line 3.
LaTeX Font Info:    Checking defaults for T1/cmr/m/n on input line 3.
LaTeX Font Info:    ... okay on input line 3.
LaTeX Font Info:    Checking defaults for OT1/cmr/m/n on input line 3.
LaTeX Font Info:    ... okay on input line 3.
LaTeX Font Info:    Checking defaults for OMS/cmsy/m/n on input line 3.
LaTeX Font Info:    ... okay on input line 3.
LaTeX Font Info:    Checking defaults for OMX/cmex/m/n on input line 3.
LaTeX Font Info:    ... okay on input line 3.
LaTeX Font Info:    Checking defaults for U/cmr/m/n on input line 3.
LaTeX Font Info:    ... okay on input line 3.

(/usr/share/texlive/texmf-dist/tex/context/base/supp-pdf.mkii
[Loading MPS to PDF converter (version 2006.09.02).]
\scratchcounter=\count100
\scratchdimen=\dimen114
\scratchbox=\box28
\nofMPsegments=\count101
\nofMParguments=\count102
\everyMPshowfont=\toks20
\MPscratchCnt=\count103
\MPscratchDim=\dimen115
\MPnumerator=\count104
\makeMPintoPDFobject=\count105
\everyMPtoPDFconversion=\toks21
) (/usr/share/texlive/texmf-dist/tex/generic/oberdiek/pdftexcmds.sty
Package: pdftexcmds 2011/11/29 v0.20 Utility functions of pdfTeX for LuaTeX (HO
)

(/usr/share/texlive/texmf-dist/tex/generic/oberdiek/ifluatex.sty
Package: ifluatex 2010/03/01 v1.3 Provides the ifluatex switch (HO)
Package ifluatex Info: LuaTeX not detected.
)
(/usr/share/texlive/texmf-dist/tex/generic/oberdiek/ifpdf.sty
Package: ifpdf 2011/01/30 v2.3 Provides the ifpdf switch (HO)
Package ifpdf Info: pdfTeX in PDF mode is detected.
)
Package pdftexcmds Info: LuaTeX not detected.
Package pdftexcmds Info: \pdf@primitive is available.
Package pdftexcmds Info: \pdf@ifprimitive is available.
Package pdftexcmds Info: \pdfdraftmode found.
)
(/usr/share/texlive/texmf-dist/tex/latex/oberdiek/epstopdf-base.sty
Package: epstopdf-base 2010/02/09 v2.5 Base part for package epstopdf

(/usr/share/texlive/texmf-dist/tex/latex/oberdiek/grfext.sty
Package: grfext 2010/08/19 v1.1 Manage graphics extensions (HO)

(/usr/share/texlive/texmf-dist/tex/generic/oberdiek/kvdefinekeys.sty
Package: kvdefinekeys 2011/04/07 v1.3 Define keys (HO)
))
(/usr/share/texlive/texmf-dist/tex/latex/oberdiek/kvoptions.sty
Package: kvoptions 2011/06/30 v3.11 Key value format for package options (HO)

(/usr/share/texlive/texmf-dist/tex/generic/oberdiek/kvsetkeys.sty
Package: kvsetkeys 2012/04/25 v1.16 Key value parser (HO)

(/usr/share/texlive/texmf-dist/tex/generic/oberdiek/etexcmds.sty
Package: etexcmds 2011/02/16 v1.5 Avoid name clashes with e-TeX commands (HO)
Package etexcmds Info: Could not find \expanded.
(etexcmds)             That can mean that you are not using pdfTeX 1.50 or
(etexcmds)             that some package has redefined \expanded.
(etexcmds)             In the latter case, load this package earlier.
)))
Package grfext Info: Graphics extension search list:
(grfext)             [.png,.pdf,.jpg,.mps,.jpeg,.jbig2,.jb2,.PNG,.PDF,.JPG,.JPE
G,.JBIG2,.JB2,.eps]
(grfext)             \AppendGraphicsExtensions on input line 452.

(/usr/share/texlive/texmf-dist/tex/latex/latexconfig/epstopdf-sys.cfg
File: epstopdf-sys.cfg 2010/07/13 v1.3 Configuration of (r)epstopdf for TeX Liv
e
))
Package epstopdf Info: Source file: </home/sdorsher/LabNotebook/20170727/finfov
ertimel0.eps>
(epstopdf)                    date: 2017-07-27 15:44:23
(epstopdf)                    size: 0 bytes
(epstopdf)             Output file: </home/sdorsher/LabNotebook/20170727/finfov
ertimel0-eps-converted-to.pdf>
(epstopdf)                    date: 2017-07-27 16:14:05
(epstopdf)                    size: 2217 bytes
(epstopdf)             Command: <repstopdf --outfile=/home/sdorsher/LabNotebook
/20170727/finfovertimel0-eps-converted-to.pdf /home/sdorsher/LabNotebook/201707
27/finfovertimel0.eps>
(epstopdf)             \includegraphics on input line 23.
Package epstopdf Info: Output file is already uptodate.

</home/sdorsher/LabNotebook/20170727/finfovertimel0-eps-converted-to.pdf, id=1,
 614.295pt x 794.97pt>
File: /home/sdorsher/LabNotebook/20170727/finfovertimel0-eps-converted-to.pdf G
raphic file (type pdf)

<use /home/sdorsher/LabNotebook/20170727/finfovertimel0-eps-converted-to.pdf>
Package pdftex.def Info: /home/sdorsher/LabNotebook/20170727/finfovertimel0-eps
-converted-to.pdf used on input line 23.
(pdftex.def)             Requested size: 614.29349pt x 794.96806pt.

Overfull \hbox (269.29349pt too wide) in paragraph at lines 23--24
[][] 
 []


LaTeX Warning: Float too large for page by 244.96806pt on input line 24.

Package epstopdf Info: Source file: </home/sdorsher/LabNotebook/20170727/finfov
ertimel1.eps>
(epstopdf)                    date: 2017-07-27 15:44:23
(epstopdf)                    size: 34277 bytes
(epstopdf)             Output file: </home/sdorsher/LabNotebook/20170727/finfov
ertimel1-eps-converted-to.pdf>
(epstopdf)                    date: 2017-07-27 16:14:06
(epstopdf)                    size: 12227 bytes
(epstopdf)             Command: <repstopdf --outfile=/home/sdorsher/LabNotebook
/20170727/finfovertimel1-eps-converted-to.pdf /home/sdorsher/LabNotebook/201707
27/finfovertimel1.eps>
(epstopdf)             \includegraphics on input line 27.
Package epstopdf Info: Output file is already uptodate.

</home/sdorsher/LabNotebook/20170727/finfovertimel1-eps-converted-to.pdf, id=2,
 361.35pt x 216.81pt>
File: /home/sdorsher/LabNotebook/20170727/finfovertimel1-eps-converted-to.pdf G
raphic file (type pdf)

<use /home/sdorsher/LabNotebook/20170727/finfovertimel1-eps-converted-to.pdf>
Package pdftex.def Info: /home/sdorsher/LabNotebook/20170727/finfovertimel1-eps
-converted-to.pdf used on input line 27.
(pdftex.def)             Requested size: 361.34912pt x 216.80946pt.

Overfull \hbox (16.34912pt too wide) in paragraph at lines 27--28
[][] 
 []

Package epstopdf Info: Source file: </home/sdorsher/LabNotebook/20170727/finfov
ertimel2.eps>
(epstopdf)                    date: 2017-07-27 15:44:23
(epstopdf)                    size: 34963 bytes
(epstopdf)             Output file: </home/sdorsher/LabNotebook/20170727/finfov
ertimel2-eps-converted-to.pdf>
(epstopdf)                    date: 2017-07-27 16:14:06
(epstopdf)                    size: 12304 bytes
(epstopdf)             Command: <repstopdf --outfile=/home/sdorsher/LabNotebook
/20170727/finfovertimel2-eps-converted-to.pdf /home/sdorsher/LabNotebook/201707
27/finfovertimel2.eps>
(epstopdf)             \includegraphics on input line 31.
Package epstopdf Info: Output file is already uptodate.

</home/sdorsher/LabNotebook/20170727/finfovertimel2-eps-converted-to.pdf, id=3,
 361.35pt x 216.81pt>
File: /home/sdorsher/LabNotebook/20170727/finfovertimel2-eps-converted-to.pdf G
raphic file (type pdf)

<use /home/sdorsher/LabNotebook/20170727/finfovertimel2-eps-converted-to.pdf>
Package pdftex.def Info: /home/sdorsher/LabNotebook/20170727/finfovertimel2-eps
-converted-to.pdf used on input line 31.
(pdftex.def)             Requested size: 361.34912pt x 216.80946pt.

Overfull \hbox (16.34912pt too wide) in paragraph at lines 31--32
[][] 
 []

Package epstopdf Info: Source file: </home/sdorsher/LabNotebook/20170727/finfov
ertimel3.eps>
(epstopdf)                    date: 2017-07-27 15:44:23
(epstopdf)                    size: 34915 bytes
(epstopdf)             Output file: </home/sdorsher/LabNotebook/20170727/finfov
ertimel3-eps-converted-to.pdf>
(epstopdf)                    date: 2017-07-27 16:14:06
(epstopdf)                    size: 12342 bytes
(epstopdf)             Command: <repstopdf --outfile=/home/sdorsher/LabNotebook
/20170727/finfovertimel3-eps-converted-to.pdf /home/sdorsher/LabNotebook/201707
27/finfovertimel3.eps>
(epstopdf)             \includegraphics on input line 35.
Package epstopdf Info: Output file is already uptodate.

</home/sdorsher/LabNotebook/20170727/finfovertimel3-eps-converted-to.pdf, id=4,
 361.35pt x 216.81pt>
File: /home/sdorsher/LabNotebook/20170727/finfovertimel3-eps-converted-to.pdf G
raphic file (type pdf)

<use /home/sdorsher/LabNotebook/20170727/finfovertimel3-eps-converted-to.pdf>
Package pdftex.def Info: /home/sdorsher/LabNotebook/20170727/finfovertimel3-eps
-converted-to.pdf used on input line 35.
(pdftex.def)             Requested size: 361.34912pt x 216.80946pt.

Overfull \hbox (16.34912pt too wide) in paragraph at lines 35--36
[][] 
 []

Package epstopdf Info: Source file: </home/sdorsher/LabNotebook/20170727/finfov
ertimel4.eps>
(epstopdf)                    date: 2017-07-27 15:44:23
(epstopdf)                    size: 36082 bytes
(epstopdf)             Output file: </home/sdorsher/LabNotebook/20170727/finfov
ertimel4-eps-converted-to.pdf>
(epstopdf)                    date: 2017-07-27 16:14:06
(epstopdf)                    size: 12731 bytes
(epstopdf)             Command: <repstopdf --outfile=/home/sdorsher/LabNotebook
/20170727/finfovertimel4-eps-converted-to.pdf /home/sdorsher/LabNotebook/201707
27/finfovertimel4.eps>
(epstopdf)             \includegraphics on input line 39.
Package epstopdf Info: Output file is already uptodate.

</home/sdorsher/LabNotebook/20170727/finfovertimel4-eps-converted-to.pdf, id=5,
 361.35pt x 216.81pt>
File: /home/sdorsher/LabNotebook/20170727/finfovertimel4-eps-converted-to.pdf G
raphic file (type pdf)

<use /home/sdorsher/LabNotebook/20170727/finfovertimel4-eps-converted-to.pdf>
Package pdftex.def Info: /home/sdorsher/LabNotebook/20170727/finfovertimel4-eps
-converted-to.pdf used on input line 39.
(pdftex.def)             Requested size: 361.34912pt x 216.80946pt.

Overfull \hbox (16.34912pt too wide) in paragraph at lines 39--40
[][] 
 []

Package epstopdf Info: Source file: </home/sdorsher/LabNotebook/20170727/finfov
ertimel5.eps>
(epstopdf)                    date: 2017-07-27 15:44:23
(epstopdf)                    size: 0 bytes
(epstopdf)             Output file: </home/sdorsher/LabNotebook/20170727/finfov
ertimel5-eps-converted-to.pdf>
(epstopdf)                    date: 2017-07-27 16:14:07
(epstopdf)                    size: 2217 bytes
(epstopdf)             Command: <repstopdf --outfile=/home/sdorsher/LabNotebook
/20170727/finfovertimel5-eps-converted-to.pdf /home/sdorsher/LabNotebook/201707
27/finfovertimel5.eps>
(epstopdf)             \includegraphics on input line 43.
Package epstopdf Info: Output file is already uptodate.

</home/sdorsher/LabNotebook/20170727/finfovertimel5-eps-converted-to.pdf, id=6,
 614.295pt x 794.97pt>
File: /home/sdorsher/LabNotebook/20170727/finfovertimel5-eps-converted-to.pdf G
raphic file (type pdf)

<use /home/sdorsher/LabNotebook/20170727/finfovertimel5-eps-converted-to.pdf>
Package pdftex.def Info: /home/sdorsher/LabNotebook/20170727/finfovertimel5-eps
-converted-to.pdf used on input line 43.
(pdftex.def)             Requested size: 614.29349pt x 794.96806pt.

Overfull \hbox (269.29349pt too wide) in paragraph at lines 43--44
[][] 
 []


LaTeX Warning: Float too large for page by 244.96806pt on input line 44.

Package epstopdf Info: Source file: </home/sdorsher/LabNotebook/20170727/finfov
ertimel6.eps>
(epstopdf)                    date: 2017-07-27 15:44:23
(epstopdf)                    size: 33893 bytes
(epstopdf)             Output file: </home/sdorsher/LabNotebook/20170727/finfov
ertimel6-eps-converted-to.pdf>
(epstopdf)                    date: 2017-07-27 16:14:07
(epstopdf)                    size: 12037 bytes
(epstopdf)             Command: <repstopdf --outfile=/home/sdorsher/LabNotebook
/20170727/finfovertimel6-eps-converted-to.pdf /home/sdorsher/LabNotebook/201707
27/finfovertimel6.eps>
(epstopdf)             \includegraphics on input line 47.
Package epstopdf Info: Output file is already uptodate.

</home/sdorsher/LabNotebook/20170727/finfovertimel6-eps-converted-to.pdf, id=7,
 361.35pt x 216.81pt>
File: /home/sdorsher/LabNotebook/20170727/finfovertimel6-eps-converted-to.pdf G
raphic file (type pdf)

<use /home/sdorsher/LabNotebook/20170727/finfovertimel6-eps-converted-to.pdf>
Package pdftex.def Info: /home/sdorsher/LabNotebook/20170727/finfovertimel6-eps
-converted-to.pdf used on input line 47.
(pdftex.def)             Requested size: 361.34912pt x 216.80946pt.

Overfull \hbox (16.34912pt too wide) in paragraph at lines 47--48
[][] 
 []

Package epstopdf Info: Source file: </home/sdorsher/LabNotebook/20170727/finfov
ertimel7.eps>
(epstopdf)                    date: 2017-07-27 15:44:23
(epstopdf)                    size: 34151 bytes
(epstopdf)             Output file: </home/sdorsher/LabNotebook/20170727/finfov
ertimel7-eps-converted-to.pdf>
(epstopdf)                    date: 2017-07-27 16:14:07
(epstopdf)                    size: 12212 bytes
(epstopdf)             Command: <repstopdf --outfile=/home/sdorsher/LabNotebook
/20170727/finfovertimel7-eps-converted-to.pdf /home/sdorsher/LabNotebook/201707
27/finfovertimel7.eps>
(epstopdf)             \includegraphics on input line 51.
Package epstopdf Info: Output file is already uptodate.

</home/sdorsher/LabNotebook/20170727/finfovertimel7-eps-converted-to.pdf, id=8,
 361.35pt x 216.81pt>
File: /home/sdorsher/LabNotebook/20170727/finfovertimel7-eps-converted-to.pdf G
raphic file (type pdf)

<use /home/sdorsher/LabNotebook/20170727/finfovertimel7-eps-converted-to.pdf>
Package pdftex.def Info: /home/sdorsher/LabNotebook/20170727/finfovertimel7-eps
-converted-to.pdf used on input line 51.
(pdftex.def)             Requested size: 361.34912pt x 216.80946pt.

Overfull \hbox (16.34912pt too wide) in paragraph at lines 51--52
[][] 
 []

Package epstopdf Info: Source file: </home/sdorsher/LabNotebook/20170727/finfov
ertimel8.eps>
(epstopdf)                    date: 2017-07-27 15:44:23
(epstopdf)                    size: 34457 bytes
(epstopdf)             Output file: </home/sdorsher/LabNotebook/20170727/finfov
ertimel8-eps-converted-to.pdf>
(epstopdf)                    date: 2017-07-27 16:14:07
(epstopdf)                    size: 12372 bytes
(epstopdf)             Command: <repstopdf --outfile=/home/sdorsher/LabNotebook
/20170727/finfovertimel8-eps-converted-to.pdf /home/sdorsher/LabNotebook/201707
27/finfovertimel8.eps>
(epstopdf)             \includegraphics on input line 58.
Package epstopdf Info: Output file is already uptodate.

</home/sdorsher/LabNotebook/20170727/finfovertimel8-eps-converted-to.pdf, id=9,
 361.35pt x 216.81pt>
File: /home/sdorsher/LabNotebook/20170727/finfovertimel8-eps-converted-to.pdf G
raphic file (type pdf)

<use /home/sdorsher/LabNotebook/20170727/finfovertimel8-eps-converted-to.pdf>
Package pdftex.def Info: /home/sdorsher/LabNotebook/20170727/finfovertimel8-eps
-converted-to.pdf used on input line 58.
(pdftex.def)             Requested size: 361.34912pt x 216.80946pt.

Overfull \hbox (16.34912pt too wide) in paragraph at lines 58--59
[][] 
 []

Package epstopdf Info: Source file: </home/sdorsher/LabNotebook/20170727/finfov
ertimel9.eps>
(epstopdf)                    date: 2017-07-27 15:44:23
(epstopdf)                    size: 35426 bytes
(epstopdf)             Output file: </home/sdorsher/LabNotebook/20170727/finfov
ertimel9-eps-converted-to.pdf>
(epstopdf)                    date: 2017-07-27 16:14:07
(epstopdf)                    size: 12525 bytes
(epstopdf)             Command: <repstopdf --outfile=/home/sdorsher/LabNotebook
/20170727/finfovertimel9-eps-converted-to.pdf /home/sdorsher/LabNotebook/201707
27/finfovertimel9.eps>
(epstopdf)             \includegraphics on input line 62.
Package epstopdf Info: Output file is already uptodate.

</home/sdorsher/LabNotebook/20170727/finfovertimel9-eps-converted-to.pdf, id=10
, 361.35pt x 216.81pt>
File: /home/sdorsher/LabNotebook/20170727/finfovertimel9-eps-converted-to.pdf G
raphic file (type pdf)

<use /home/sdorsher/LabNotebook/20170727/finfovertimel9-eps-converted-to.pdf>
Package pdftex.def Info: /home/sdorsher/LabNotebook/20170727/finfovertimel9-eps
-converted-to.pdf used on input line 62.
(pdftex.def)             Requested size: 361.34912pt x 216.80946pt.

Overfull \hbox (16.34912pt too wide) in paragraph at lines 62--63
[][] 
 []

Package epstopdf Info: Source file: </home/sdorsher/LabNotebook/20170727/finfov
ertimel10.eps>
(epstopdf)                    date: 2017-07-27 15:44:23
(epstopdf)                    size: 34569 bytes
(epstopdf)             Output file: </home/sdorsher/LabNotebook/20170727/finfov
ertimel10-eps-converted-to.pdf>
(epstopdf)                    date: 2017-07-27 16:14:08
(epstopdf)                    size: 12307 bytes
(epstopdf)             Command: <repstopdf --outfile=/home/sdorsher/LabNotebook
/20170727/finfovertimel10-eps-converted-to.pdf /home/sdorsher/LabNotebook/20170
727/finfovertimel10.eps>
(epstopdf)             \includegraphics on input line 66.
Package epstopdf Info: Output file is already uptodate.

</home/sdorsher/LabNotebook/20170727/finfovertimel10-eps-converted-to.pdf, id=1
1, 361.35pt x 216.81pt>
File: /home/sdorsher/LabNotebook/20170727/finfovertimel10-eps-converted-to.pdf 
Graphic file (type pdf)

<use /home/sdorsher/LabNotebook/20170727/finfovertimel10-eps-converted-to.pdf>
Package pdftex.def Info: /home/sdorsher/LabNotebook/20170727/finfovertimel10-ep
s-converted-to.pdf used on input line 66.
(pdftex.def)             Requested size: 361.34912pt x 216.80946pt.

Overfull \hbox (16.34912pt too wide) in paragraph at lines 66--67
[][] 
 []

Package epstopdf Info: Source file: </home/sdorsher/LabNotebook/20170727/finfov
ertimel11.eps>
(epstopdf)                    date: 2017-07-27 15:44:23
(epstopdf)                    size: 34887 bytes
(epstopdf)             Output file: </home/sdorsher/LabNotebook/20170727/finfov
ertimel11-eps-converted-to.pdf>
(epstopdf)                    date: 2017-07-27 16:14:08
(epstopdf)                    size: 12483 bytes
(epstopdf)             Command: <repstopdf --outfile=/home/sdorsher/LabNotebook
/20170727/finfovertimel11-eps-converted-to.pdf /home/sdorsher/LabNotebook/20170
727/finfovertimel11.eps>
(epstopdf)             \includegraphics on input line 70.
Package epstopdf Info: Output file is already uptodate.

</home/sdorsher/LabNotebook/20170727/finfovertimel11-eps-converted-to.pdf, id=1
2, 361.35pt x 216.81pt>
File: /home/sdorsher/LabNotebook/20170727/finfovertimel11-eps-converted-to.pdf 
Graphic file (type pdf)

<use /home/sdorsher/LabNotebook/20170727/finfovertimel11-eps-converted-to.pdf>
Package pdftex.def Info: /home/sdorsher/LabNotebook/20170727/finfovertimel11-ep
s-converted-to.pdf used on input line 70.
(pdftex.def)             Requested size: 361.34912pt x 216.80946pt.

Overfull \hbox (16.34912pt too wide) in paragraph at lines 70--71
[][] 
 []

Package epstopdf Info: Source file: </home/sdorsher/LabNotebook/20170727/finfov
ertimel12.eps>
(epstopdf)                    date: 2017-07-27 15:44:23
(epstopdf)                    size: 36046 bytes
(epstopdf)             Output file: </home/sdorsher/LabNotebook/20170727/finfov
ertimel12-eps-converted-to.pdf>
(epstopdf)                    date: 2017-07-27 16:14:08
(epstopdf)                    size: 12731 bytes
(epstopdf)             Command: <repstopdf --outfile=/home/sdorsher/LabNotebook
/20170727/finfovertimel12-eps-converted-to.pdf /home/sdorsher/LabNotebook/20170
727/finfovertimel12.eps>
(epstopdf)             \includegraphics on input line 74.
Package epstopdf Info: Output file is already uptodate.

</home/sdorsher/LabNotebook/20170727/finfovertimel12-eps-converted-to.pdf, id=1
3, 361.35pt x 216.81pt>
File: /home/sdorsher/LabNotebook/20170727/finfovertimel12-eps-converted-to.pdf 
Graphic file (type pdf)

<use /home/sdorsher/LabNotebook/20170727/finfovertimel12-eps-converted-to.pdf>
Package pdftex.def Info: /home/sdorsher/LabNotebook/20170727/finfovertimel12-ep
s-converted-to.pdf used on input line 74.
(pdftex.def)             Requested size: 361.34912pt x 216.80946pt.

Overfull \hbox (16.34912pt too wide) in paragraph at lines 74--75
[][] 
 []

Package epstopdf Info: Source file: </home/sdorsher/LabNotebook/20170727/finfov
ertimel13.eps>
(epstopdf)                    date: 2017-07-27 15:44:23
(epstopdf)                    size: 35699 bytes
(epstopdf)             Output file: </home/sdorsher/LabNotebook/20170727/finfov
ertimel13-eps-converted-to.pdf>
(epstopdf)                    date: 2017-07-27 16:14:08
(epstopdf)                    size: 12700 bytes
(epstopdf)             Command: <repstopdf --outfile=/home/sdorsher/LabNotebook
/20170727/finfovertimel13-eps-converted-to.pdf /home/sdorsher/LabNotebook/20170
727/finfovertimel13.eps>
(epstopdf)             \includegraphics on input line 78.
Package epstopdf Info: Output file is already uptodate.

</home/sdorsher/LabNotebook/20170727/finfovertimel13-eps-converted-to.pdf, id=1
4, 361.35pt x 216.81pt>
File: /home/sdorsher/LabNotebook/20170727/finfovertimel13-eps-converted-to.pdf 
Graphic file (type pdf)

<use /home/sdorsher/LabNotebook/20170727/finfovertimel13-eps-converted-to.pdf>
Package pdftex.def Info: /home/sdorsher/LabNotebook/20170727/finfovertimel13-ep
s-converted-to.pdf used on input line 78.
(pdftex.def)             Requested size: 361.34912pt x 216.80946pt.

Overfull \hbox (16.34912pt too wide) in paragraph at lines 78--79
[][] 
 []

Package epstopdf Info: Source file: </home/sdorsher/LabNotebook/20170727/finfov
ertimel14.eps>
(epstopdf)                    date: 2017-07-27 15:44:23
(epstopdf)                    size: 35589 bytes
(epstopdf)             Output file: </home/sdorsher/LabNotebook/20170727/finfov
ertimel14-eps-converted-to.pdf>
(epstopdf)                    date: 2017-07-27 16:14:08
(epstopdf)                    size: 12664 bytes
(epstopdf)             Command: <repstopdf --outfile=/home/sdorsher/LabNotebook
/20170727/finfovertimel14-eps-converted-to.pdf /home/sdorsher/LabNotebook/20170
727/finfovertimel14.eps>
(epstopdf)             \includegraphics on input line 82.
Package epstopdf Info: Output file is already uptodate.

</home/sdorsher/LabNotebook/20170727/finfovertimel14-eps-converted-to.pdf, id=1
5, 361.35pt x 216.81pt>
File: /home/sdorsher/LabNotebook/20170727/finfovertimel14-eps-converted-to.pdf 
Graphic file (type pdf)

<use /home/sdorsher/LabNotebook/20170727/finfovertimel14-eps-converted-to.pdf>
Package pdftex.def Info: /home/sdorsher/LabNotebook/20170727/finfovertimel14-ep
s-converted-to.pdf used on input line 82.
(pdftex.def)             Requested size: 361.34912pt x 216.80946pt.

Overfull \hbox (16.34912pt too wide) in paragraph at lines 82--83
[][] 
 []

Package epstopdf Info: Source file: </home/sdorsher/LabNotebook/20170727/finfov
ertimel15.eps>
(epstopdf)                    date: 2017-07-27 15:44:23
(epstopdf)                    size: 34994 bytes
(epstopdf)             Output file: </home/sdorsher/LabNotebook/20170727/finfov
ertimel15-eps-converted-to.pdf>
(epstopdf)                    date: 2017-07-27 16:14:09
(epstopdf)                    size: 12471 bytes
(epstopdf)             Command: <repstopdf --outfile=/home/sdorsher/LabNotebook
/20170727/finfovertimel15-eps-converted-to.pdf /home/sdorsher/LabNotebook/20170
727/finfovertimel15.eps>
(epstopdf)             \includegraphics on input line 86.
Package epstopdf Info: Output file is already uptodate.

</home/sdorsher/LabNotebook/20170727/finfovertimel15-eps-converted-to.pdf, id=1
6, 361.35pt x 216.81pt>
File: /home/sdorsher/LabNotebook/20170727/finfovertimel15-eps-converted-to.pdf 
Graphic file (type pdf)

<use /home/sdorsher/LabNotebook/20170727/finfovertimel15-eps-converted-to.pdf>
Package pdftex.def Info: /home/sdorsher/LabNotebook/20170727/finfovertimel15-ep
s-converted-to.pdf used on input line 86.
(pdftex.def)             Requested size: 361.34912pt x 216.80946pt.

Overfull \hbox (16.34912pt too wide) in paragraph at lines 86--87
[][] 
 []

Package epstopdf Info: Source file: </home/sdorsher/LabNotebook/20170727/finfov
ertimel16.eps>
(epstopdf)                    date: 2017-07-27 15:44:23
(epstopdf)                    size: 35637 bytes
(epstopdf)             Output file: </home/sdorsher/LabNotebook/20170727/finfov
ertimel16-eps-converted-to.pdf>
(epstopdf)                    date: 2017-07-27 16:14:09
(epstopdf)                    size: 12558 bytes
(epstopdf)             Command: <repstopdf --outfile=/home/sdorsher/LabNotebook
/20170727/finfovertimel16-eps-converted-to.pdf /home/sdorsher/LabNotebook/20170
727/finfovertimel16.eps>
(epstopdf)             \includegraphics on input line 90.
Package epstopdf Info: Output file is already uptodate.

</home/sdorsher/LabNotebook/20170727/finfovertimel16-eps-converted-to.pdf, id=1
7, 361.35pt x 216.81pt>
File: /home/sdorsher/LabNotebook/20170727/finfovertimel16-eps-converted-to.pdf 
Graphic file (type pdf)

<use /home/sdorsher/LabNotebook/20170727/finfovertimel16-eps-converted-to.pdf>
Package pdftex.def Info: /home/sdorsher/LabNotebook/20170727/finfovertimel16-ep
s-converted-to.pdf used on input line 90.
(pdftex.def)             Requested size: 361.34912pt x 216.80946pt.

Overfull \hbox (16.34912pt too wide) in paragraph at lines 90--91
[][] 
 []

Package epstopdf Info: Source file: </home/sdorsher/LabNotebook/20170727/finfov
ertimel17.eps>
(epstopdf)                    date: 2017-07-27 15:44:23
(epstopdf)                    size: 35027 bytes
(epstopdf)             Output file: </home/sdorsher/LabNotebook/20170727/finfov
ertimel17-eps-converted-to.pdf>
(epstopdf)                    date: 2017-07-27 16:14:09
(epstopdf)                    size: 12375 bytes
(epstopdf)             Command: <repstopdf --outfile=/home/sdorsher/LabNotebook
/20170727/finfovertimel17-eps-converted-to.pdf /home/sdorsher/LabNotebook/20170
727/finfovertimel17.eps>
(epstopdf)             \includegraphics on input line 94.
Package epstopdf Info: Output file is already uptodate.

</home/sdorsher/LabNotebook/20170727/finfovertimel17-eps-converted-to.pdf, id=1
8, 361.35pt x 216.81pt>
File: /home/sdorsher/LabNotebook/20170727/finfovertimel17-eps-converted-to.pdf 
Graphic file (type pdf)

<use /home/sdorsher/LabNotebook/20170727/finfovertimel17-eps-converted-to.pdf>
Package pdftex.def Info: /home/sdorsher/LabNotebook/20170727/finfovertimel17-ep
s-converted-to.pdf used on input line 94.
(pdftex.def)             Requested size: 361.34912pt x 216.80946pt.

Overfull \hbox (16.34912pt too wide) in paragraph at lines 94--95
[][] 
 []

Package epstopdf Info: Source file: </home/sdorsher/LabNotebook/20170727/finfov
ertimel18.eps>
(epstopdf)                    date: 2017-07-27 15:44:23
(epstopdf)                    size: 34778 bytes
(epstopdf)             Output file: </home/sdorsher/LabNotebook/20170727/finfov
ertimel18-eps-converted-to.pdf>
(epstopdf)                    date: 2017-07-27 16:14:09
(epstopdf)                    size: 12330 bytes
(epstopdf)             Command: <repstopdf --outfile=/home/sdorsher/LabNotebook
/20170727/finfovertimel18-eps-converted-to.pdf /home/sdorsher/LabNotebook/20170
727/finfovertimel18.eps>
(epstopdf)             \includegraphics on input line 98.
Package epstopdf Info: Output file is already uptodate.

</home/sdorsher/LabNotebook/20170727/finfovertimel18-eps-converted-to.pdf, id=1
9, 361.35pt x 216.81pt>
File: /home/sdorsher/LabNotebook/20170727/finfovertimel18-eps-converted-to.pdf 
Graphic file (type pdf)

<use /home/sdorsher/LabNotebook/20170727/finfovertimel18-eps-converted-to.pdf>
Package pdftex.def Info: /home/sdorsher/LabNotebook/20170727/finfovertimel18-ep
s-converted-to.pdf used on input line 98.
(pdftex.def)             Requested size: 361.34912pt x 216.80946pt.

Overfull \hbox (16.34912pt too wide) in paragraph at lines 98--99
[][] 
 []

Package epstopdf Info: Source file: </home/sdorsher/LabNotebook/20170727/finfov
ertimel19.eps>
(epstopdf)                    date: 2017-07-27 15:44:23
(epstopdf)                    size: 34675 bytes
(epstopdf)             Output file: </home/sdorsher/LabNotebook/20170727/finfov
ertimel19-eps-converted-to.pdf>
(epstopdf)                    date: 2017-07-27 16:14:10
(epstopdf)                    size: 12323 bytes
(epstopdf)             Command: <repstopdf --outfile=/home/sdorsher/LabNotebook
/20170727/finfovertimel19-eps-converted-to.pdf /home/sdorsher/LabNotebook/20170
727/finfovertimel19.eps>
(epstopdf)             \includegraphics on input line 102.
Package epstopdf Info: Output file is already uptodate.

</home/sdorsher/LabNotebook/20170727/finfovertimel19-eps-converted-to.pdf, id=2
0, 361.35pt x 216.81pt>
File: /home/sdorsher/LabNotebook/20170727/finfovertimel19-eps-converted-to.pdf 
Graphic file (type pdf)

<use /home/sdorsher/LabNotebook/20170727/finfovertimel19-eps-converted-to.pdf>
Package pdftex.def Info: /home/sdorsher/LabNotebook/20170727/finfovertimel19-ep
s-converted-to.pdf used on input line 102.
(pdftex.def)             Requested size: 361.34912pt x 216.80946pt.

Overfull \hbox (16.34912pt too wide) in paragraph at lines 102--103
[][] 
 []

Package epstopdf Info: Source file: </home/sdorsher/LabNotebook/20170727/finfov
ertimel20.eps>
(epstopdf)                    date: 2017-07-27 15:44:23
(epstopdf)                    size: 34312 bytes
(epstopdf)             Output file: </home/sdorsher/LabNotebook/20170727/finfov
ertimel20-eps-converted-to.pdf>
(epstopdf)                    date: 2017-07-27 16:14:10
(epstopdf)                    size: 12237 bytes
(epstopdf)             Command: <repstopdf --outfile=/home/sdorsher/LabNotebook
/20170727/finfovertimel20-eps-converted-to.pdf /home/sdorsher/LabNotebook/20170
727/finfovertimel20.eps>
(epstopdf)             \includegraphics on input line 106.
Package epstopdf Info: Output file is already uptodate.

</home/sdorsher/LabNotebook/20170727/finfovertimel20-eps-converted-to.pdf, id=2
1, 361.35pt x 216.81pt>
File: /home/sdorsher/LabNotebook/20170727/finfovertimel20-eps-converted-to.pdf 
Graphic file (type pdf)

<use /home/sdorsher/LabNotebook/20170727/finfovertimel20-eps-converted-to.pdf>
Package pdftex.def Info: /home/sdorsher/LabNotebook/20170727/finfovertimel20-ep
s-converted-to.pdf used on input line 106.
(pdftex.def)             Requested size: 361.34912pt x 216.80946pt.

Overfull \hbox (16.34912pt too wide) in paragraph at lines 106--107
[][] 
 []

Package epstopdf Info: Source file: </home/sdorsher/LabNotebook/20170727/finfov
ertimel21.eps>
(epstopdf)                    date: 2017-07-27 15:44:23
(epstopdf)                    size: 34535 bytes
(epstopdf)             Output file: </home/sdorsher/LabNotebook/20170727/finfov
ertimel21-eps-converted-to.pdf>
(epstopdf)                    date: 2017-07-27 16:14:10
(epstopdf)                    size: 12313 bytes
(epstopdf)             Command: <repstopdf --outfile=/home/sdorsher/LabNotebook
/20170727/finfovertimel21-eps-converted-to.pdf /home/sdorsher/LabNotebook/20170
727/finfovertimel21.eps>
(epstopdf)             \includegraphics on input line 110.
Package epstopdf Info: Output file is already uptodate.

</home/sdorsher/LabNotebook/20170727/finfovertimel21-eps-converted-to.pdf, id=2
2, 361.35pt x 216.81pt>
File: /home/sdorsher/LabNotebook/20170727/finfovertimel21-eps-converted-to.pdf 
Graphic file (type pdf)

<use /home/sdorsher/LabNotebook/20170727/finfovertimel21-eps-converted-to.pdf>
Package pdftex.def Info: /home/sdorsher/LabNotebook/20170727/finfovertimel21-ep
s-converted-to.pdf used on input line 110.
(pdftex.def)             Requested size: 361.34912pt x 216.80946pt.

Overfull \hbox (16.34912pt too wide) in paragraph at lines 110--111
[][] 
 []

Package epstopdf Info: Source file: </home/sdorsher/LabNotebook/20170727/finfov
ertimel22.eps>
(epstopdf)                    date: 2017-07-27 15:44:23
(epstopdf)                    size: 34142 bytes
(epstopdf)             Output file: </home/sdorsher/LabNotebook/20170727/finfov
ertimel22-eps-converted-to.pdf>
(epstopdf)                    date: 2017-07-27 16:14:10
(epstopdf)                    size: 12213 bytes
(epstopdf)             Command: <repstopdf --outfile=/home/sdorsher/LabNotebook
/20170727/finfovertimel22-eps-converted-to.pdf /home/sdorsher/LabNotebook/20170
727/finfovertimel22.eps>
(epstopdf)             \includegraphics on input line 114.
Package epstopdf Info: Output file is already uptodate.

</home/sdorsher/LabNotebook/20170727/finfovertimel22-eps-converted-to.pdf, id=2
3, 361.35pt x 216.81pt>
File: /home/sdorsher/LabNotebook/20170727/finfovertimel22-eps-converted-to.pdf 
Graphic file (type pdf)

<use /home/sdorsher/LabNotebook/20170727/finfovertimel22-eps-converted-to.pdf>
Package pdftex.def Info: /home/sdorsher/LabNotebook/20170727/finfovertimel22-ep
s-converted-to.pdf used on input line 114.
(pdftex.def)             Requested size: 361.34912pt x 216.80946pt.

Overfull \hbox (16.34912pt too wide) in paragraph at lines 114--115
[][] 
 []

Package epstopdf Info: Source file: </home/sdorsher/LabNotebook/20170727/finfov
ertimel23.eps>
(epstopdf)                    date: 2017-07-27 15:44:23
(epstopdf)                    size: 33943 bytes
(epstopdf)             Output file: </home/sdorsher/LabNotebook/20170727/finfov
ertimel23-eps-converted-to.pdf>
(epstopdf)                    date: 2017-07-27 16:14:10
(epstopdf)                    size: 12184 bytes
(epstopdf)             Command: <repstopdf --outfile=/home/sdorsher/LabNotebook
/20170727/finfovertimel23-eps-converted-to.pdf /home/sdorsher/LabNotebook/20170
727/finfovertimel23.eps>
(epstopdf)             \includegraphics on input line 118.
Package epstopdf Info: Output file is already uptodate.

</home/sdorsher/LabNotebook/20170727/finfovertimel23-eps-converted-to.pdf, id=2
4, 361.35pt x 216.81pt>
File: /home/sdorsher/LabNotebook/20170727/finfovertimel23-eps-converted-to.pdf 
Graphic file (type pdf)

<use /home/sdorsher/LabNotebook/20170727/finfovertimel23-eps-converted-to.pdf>
Package pdftex.def Info: /home/sdorsher/LabNotebook/20170727/finfovertimel23-ep
s-converted-to.pdf used on input line 118.
(pdftex.def)             Requested size: 361.34912pt x 216.80946pt.

Overfull \hbox (16.34912pt too wide) in paragraph at lines 118--119
[][] 
 []

Package epstopdf Info: Source file: </home/sdorsher/LabNotebook/20170727/finfov
ertimel24.eps>
(epstopdf)                    date: 2017-07-27 15:44:23
(epstopdf)                    size: 34355 bytes
(epstopdf)             Output file: </home/sdorsher/LabNotebook/20170727/finfov
ertimel24-eps-converted-to.pdf>
(epstopdf)                    date: 2017-07-27 16:14:11
(epstopdf)                    size: 12298 bytes
(epstopdf)             Command: <repstopdf --outfile=/home/sdorsher/LabNotebook
/20170727/finfovertimel24-eps-converted-to.pdf /home/sdorsher/LabNotebook/20170
727/finfovertimel24.eps>
(epstopdf)             \includegraphics on input line 122.
Package epstopdf Info: Output file is already uptodate.

</home/sdorsher/LabNotebook/20170727/finfovertimel24-eps-converted-to.pdf, id=2
5, 361.35pt x 216.81pt>
File: /home/sdorsher/LabNotebook/20170727/finfovertimel24-eps-converted-to.pdf 
Graphic file (type pdf)

<use /home/sdorsher/LabNotebook/20170727/finfovertimel24-eps-converted-to.pdf>
Package pdftex.def Info: /home/sdorsher/LabNotebook/20170727/finfovertimel24-ep
s-converted-to.pdf used on input line 122.
(pdftex.def)             Requested size: 361.34912pt x 216.80946pt.

Overfull \hbox (16.34912pt too wide) in paragraph at lines 122--123
[][] 
 []

Package epstopdf Info: Source file: </home/sdorsher/LabNotebook/20170727/finfov
ertimel25.eps>
(epstopdf)                    date: 2017-07-27 15:44:23
(epstopdf)                    size: 34204 bytes
(epstopdf)             Output file: </home/sdorsher/LabNotebook/20170727/finfov
ertimel25-eps-converted-to.pdf>
(epstopdf)                    date: 2017-07-27 16:14:11
(epstopdf)                    size: 12267 bytes
(epstopdf)             Command: <repstopdf --outfile=/home/sdorsher/LabNotebook
/20170727/finfovertimel25-eps-converted-to.pdf /home/sdorsher/LabNotebook/20170
727/finfovertimel25.eps>
(epstopdf)             \includegraphics on input line 126.
Package epstopdf Info: Output file is already uptodate.

</home/sdorsher/LabNotebook/20170727/finfovertimel25-eps-converted-to.pdf, id=2
6, 361.35pt x 216.81pt>
File: /home/sdorsher/LabNotebook/20170727/finfovertimel25-eps-converted-to.pdf 
Graphic file (type pdf)

<use /home/sdorsher/LabNotebook/20170727/finfovertimel25-eps-converted-to.pdf>
Package pdftex.def Info: /home/sdorsher/LabNotebook/20170727/finfovertimel25-ep
s-converted-to.pdf used on input line 126.
(pdftex.def)             Requested size: 361.34912pt x 216.80946pt.

Overfull \hbox (16.34912pt too wide) in paragraph at lines 126--127
[][] 
 []

Package epstopdf Info: Source file: </home/sdorsher/LabNotebook/20170727/finfov
ertimel26.eps>
(epstopdf)                    date: 2017-07-27 15:44:23
(epstopdf)                    size: 34791 bytes
(epstopdf)             Output file: </home/sdorsher/LabNotebook/20170727/finfov
ertimel26-eps-converted-to.pdf>
(epstopdf)                    date: 2017-07-27 16:14:11
(epstopdf)                    size: 12288 bytes
(epstopdf)             Command: <repstopdf --outfile=/home/sdorsher/LabNotebook
/20170727/finfovertimel26-eps-converted-to.pdf /home/sdorsher/LabNotebook/20170
727/finfovertimel26.eps>
(epstopdf)             \includegraphics on input line 130.
Package epstopdf Info: Output file is already uptodate.

</home/sdorsher/LabNotebook/20170727/finfovertimel26-eps-converted-to.pdf, id=2
7, 361.35pt x 216.81pt>
File: /home/sdorsher/LabNotebook/20170727/finfovertimel26-eps-converted-to.pdf 
Graphic file (type pdf)

<use /home/sdorsher/LabNotebook/20170727/finfovertimel26-eps-converted-to.pdf>
Package pdftex.def Info: /home/sdorsher/LabNotebook/20170727/finfovertimel26-ep
s-converted-to.pdf used on input line 130.
(pdftex.def)             Requested size: 361.34912pt x 216.80946pt.

Overfull \hbox (16.34912pt too wide) in paragraph at lines 130--131
[][] 
 []

Package epstopdf Info: Source file: </home/sdorsher/LabNotebook/20170727/finfov
ertimel27.eps>
(epstopdf)                    date: 2017-07-27 15:44:23
(epstopdf)                    size: 35127 bytes
(epstopdf)             Output file: </home/sdorsher/LabNotebook/20170727/finfov
ertimel27-eps-converted-to.pdf>
(epstopdf)                    date: 2017-07-27 16:14:11
(epstopdf)                    size: 12384 bytes
(epstopdf)             Command: <repstopdf --outfile=/home/sdorsher/LabNotebook
/20170727/finfovertimel27-eps-converted-to.pdf /home/sdorsher/LabNotebook/20170
727/finfovertimel27.eps>
(epstopdf)             \includegraphics on input line 134.
Package epstopdf Info: Output file is already uptodate.

</home/sdorsher/LabNotebook/20170727/finfovertimel27-eps-converted-to.pdf, id=2
8, 361.35pt x 216.81pt>
File: /home/sdorsher/LabNotebook/20170727/finfovertimel27-eps-converted-to.pdf 
Graphic file (type pdf)

<use /home/sdorsher/LabNotebook/20170727/finfovertimel27-eps-converted-to.pdf>
Package pdftex.def Info: /home/sdorsher/LabNotebook/20170727/finfovertimel27-ep
s-converted-to.pdf used on input line 134.
(pdftex.def)             Requested size: 361.34912pt x 216.80946pt.

Overfull \hbox (16.34912pt too wide) in paragraph at lines 134--135
[][] 
 []

Package epstopdf Info: Source file: </home/sdorsher/LabNotebook/20170727/finfov
ertimel28.eps>
(epstopdf)                    date: 2017-07-27 15:44:23
(epstopdf)                    size: 35432 bytes
(epstopdf)             Output file: </home/sdorsher/LabNotebook/20170727/finfov
ertimel28-eps-converted-to.pdf>
(epstopdf)                    date: 2017-07-27 16:14:11
(epstopdf)                    size: 12538 bytes
(epstopdf)             Command: <repstopdf --outfile=/home/sdorsher/LabNotebook
/20170727/finfovertimel28-eps-converted-to.pdf /home/sdorsher/LabNotebook/20170
727/finfovertimel28.eps>
(epstopdf)             \includegraphics on input line 138.
Package epstopdf Info: Output file is already uptodate.

</home/sdorsher/LabNotebook/20170727/finfovertimel28-eps-converted-to.pdf, id=2
9, 361.35pt x 216.81pt>
File: /home/sdorsher/LabNotebook/20170727/finfovertimel28-eps-converted-to.pdf 
Graphic file (type pdf)

<use /home/sdorsher/LabNotebook/20170727/finfovertimel28-eps-converted-to.pdf>
Package pdftex.def Info: /home/sdorsher/LabNotebook/20170727/finfovertimel28-ep
s-converted-to.pdf used on input line 138.
(pdftex.def)             Requested size: 361.34912pt x 216.80946pt.

Overfull \hbox (16.34912pt too wide) in paragraph at lines 138--139
[][] 
 []

Package epstopdf Info: Source file: </home/sdorsher/LabNotebook/20170727/finfov
ertimel29.eps>
(epstopdf)                    date: 2017-07-27 15:44:23
(epstopdf)                    size: 35374 bytes
(epstopdf)             Output file: </home/sdorsher/LabNotebook/20170727/finfov
ertimel29-eps-converted-to.pdf>
(epstopdf)                    date: 2017-07-27 16:14:12
(epstopdf)                    size: 12532 bytes
(epstopdf)             Command: <repstopdf --outfile=/home/sdorsher/LabNotebook
/20170727/finfovertimel29-eps-converted-to.pdf /home/sdorsher/LabNotebook/20170
727/finfovertimel29.eps>
(epstopdf)             \includegraphics on input line 142.
Package epstopdf Info: Output file is already uptodate.

</home/sdorsher/LabNotebook/20170727/finfovertimel29-eps-converted-to.pdf, id=3
0, 361.35pt x 216.81pt>
File: /home/sdorsher/LabNotebook/20170727/finfovertimel29-eps-converted-to.pdf 
Graphic file (type pdf)

<use /home/sdorsher/LabNotebook/20170727/finfovertimel29-eps-converted-to.pdf>
Package pdftex.def Info: /home/sdorsher/LabNotebook/20170727/finfovertimel29-ep
s-converted-to.pdf used on input line 142.
(pdftex.def)             Requested size: 361.34912pt x 216.80946pt.

Overfull \hbox (16.34912pt too wide) in paragraph at lines 142--143
[][] 
 []

Package epstopdf Info: Source file: </home/sdorsher/LabNotebook/20170727/finfov
ertimel30.eps>
(epstopdf)                    date: 2017-07-27 15:44:23
(epstopdf)                    size: 34809 bytes
(epstopdf)             Output file: </home/sdorsher/LabNotebook/20170727/finfov
ertimel30-eps-converted-to.pdf>
(epstopdf)                    date: 2017-07-27 16:14:12
(epstopdf)                    size: 12336 bytes
(epstopdf)             Command: <repstopdf --outfile=/home/sdorsher/LabNotebook
/20170727/finfovertimel30-eps-converted-to.pdf /home/sdorsher/LabNotebook/20170
727/finfovertimel30.eps>
(epstopdf)             \includegraphics on input line 146.
Package epstopdf Info: Output file is already uptodate.

</home/sdorsher/LabNotebook/20170727/finfovertimel30-eps-converted-to.pdf, id=3
1, 361.35pt x 216.81pt>
File: /home/sdorsher/LabNotebook/20170727/finfovertimel30-eps-converted-to.pdf 
Graphic file (type pdf)

<use /home/sdorsher/LabNotebook/20170727/finfovertimel30-eps-converted-to.pdf>
Package pdftex.def Info: /home/sdorsher/LabNotebook/20170727/finfovertimel30-ep
s-converted-to.pdf used on input line 146.
(pdftex.def)             Requested size: 361.34912pt x 216.80946pt.

Overfull \hbox (16.34912pt too wide) in paragraph at lines 146--147
[][] 
 []

Package epstopdf Info: Source file: </home/sdorsher/LabNotebook/20170713/orbit.
eps>
(epstopdf)                    date: 2017-07-13 19:14:11
(epstopdf)                    size: 215781 bytes
(epstopdf)             Output file: </home/sdorsher/LabNotebook/20170713/orbit-
eps-converted-to.pdf>
(epstopdf)                    date: 2017-07-13 19:29:12
(epstopdf)                    size: 52057 bytes
(epstopdf)             Command: <repstopdf --outfile=/home/sdorsher/LabNotebook
/20170713/orbit-eps-converted-to.pdf /home/sdorsher/LabNotebook/20170713/orbit.
eps>
(epstopdf)             \includegraphics on input line 162.
Package epstopdf Info: Output file is already uptodate.

</home/sdorsher/LabNotebook/20170713/orbit-eps-converted-to.pdf, id=32, 361.35p
t x 216.81pt>
File: /home/sdorsher/LabNotebook/20170713/orbit-eps-converted-to.pdf Graphic fi
le (type pdf)

<use /home/sdorsher/LabNotebook/20170713/orbit-eps-converted-to.pdf>
Package pdftex.def Info: /home/sdorsher/LabNotebook/20170713/orbit-eps-converte
d-to.pdf used on input line 162.
(pdftex.def)             Requested size: 361.34912pt x 216.80946pt.

Overfull \hbox (16.34912pt too wide) in paragraph at lines 162--163
[][] 
 []


</home/sdorsher/LabNotebook/20170713/extrapolate7plot.png, id=33, 586.8324pt x 
442.2924pt>
File: /home/sdorsher/LabNotebook/20170713/extrapolate7plot.png Graphic file (ty
pe png)
 <use /home/sdorsher/LabNotebook/20170713/extrapolate7plot.png>
Package pdftex.def Info: /home/sdorsher/LabNotebook/20170713/extrapolate7plot.p
ng used on input line 167.
(pdftex.def)             Requested size: 586.83096pt x 442.29132pt.

Overfull \hbox (241.83096pt too wide) in paragraph at lines 167--168
[][] 
 []

Package epstopdf Info: Source file: </home/sdorsher/LabNotebook/20170714/finfov
ertimel3discontinuities.eps>
(epstopdf)                    date: 2017-07-14 17:17:56
(epstopdf)                    size: 25759 bytes
(epstopdf)             Output file: </home/sdorsher/LabNotebook/20170714/finfov
ertimel3discontinuities-eps-converted-to.pdf>
(epstopdf)                    date: 2017-07-14 19:09:18
(epstopdf)                    size: 10698 bytes
(epstopdf)             Command: <repstopdf --outfile=/home/sdorsher/LabNotebook
/20170714/finfovertimel3discontinuities-eps-converted-to.pdf /home/sdorsher/Lab
Notebook/20170714/finfovertimel3discontinuities.eps>
(epstopdf)             \includegraphics on input line 171.
Package epstopdf Info: Output file is already uptodate.

</home/sdorsher/LabNotebook/20170714/finfovertimel3discontinuities-eps-converte
d-to.pdf, id=35, 361.35pt x 216.81pt>
File: /home/sdorsher/LabNotebook/20170714/finfovertimel3discontinuities-eps-con
verted-to.pdf Graphic file (type pdf)

<use /home/sdorsher/LabNotebook/20170714/finfovertimel3discontinuities-eps-conv
erted-to.pdf>
Package pdftex.def Info: /home/sdorsher/LabNotebook/20170714/finfovertimel3disc
ontinuities-eps-converted-to.pdf used on input line 171.
(pdftex.def)             Requested size: 361.34912pt x 216.80946pt.

Overfull \hbox (16.34912pt too wide) in paragraph at lines 171--172
[][] 
 []

Package epstopdf Info: Source file: </home/sdorsher/LabNotebook/20170714/psirl_
l3_order36.eps>
(epstopdf)                    date: 2017-07-14 17:27:45
(epstopdf)                    size: 198621 bytes
(epstopdf)             Output file: </home/sdorsher/LabNotebook/20170714/psirl_
l3_order36-eps-converted-to.pdf>
(epstopdf)                    date: 2017-07-14 19:09:18
(epstopdf)                    size: 45634 bytes
(epstopdf)             Command: <repstopdf --outfile=/home/sdorsher/LabNotebook
/20170714/psirl_l3_order36-eps-converted-to.pdf /home/sdorsher/LabNotebook/2017
0714/psirl_l3_order36.eps>
(epstopdf)             \includegraphics on input line 176.
Package epstopdf Info: Output file is already uptodate.

</home/sdorsher/LabNotebook/20170714/psirl_l3_order36-eps-converted-to.pdf, id=
36, 361.35pt x 216.81pt>
File: /home/sdorsher/LabNotebook/20170714/psirl_l3_order36-eps-converted-to.pdf
 Graphic file (type pdf)

<use /home/sdorsher/LabNotebook/20170714/psirl_l3_order36-eps-converted-to.pdf>
Package pdftex.def Info: /home/sdorsher/LabNotebook/20170714/psirl_l3_order36-e
ps-converted-to.pdf used on input line 176.
(pdftex.def)             Requested size: 361.34912pt x 216.80946pt.

Overfull \hbox (16.34912pt too wide) in paragraph at lines 176--177
[][] 
 []


</home/sdorsher/LabNotebook/20170719/extrapolate7t472l3i2.png, id=37, 462.528pt
 x 346.896pt>
File: /home/sdorsher/LabNotebook/20170719/extrapolate7t472l3i2.png Graphic file
 (type png)

<use /home/sdorsher/LabNotebook/20170719/extrapolate7t472l3i2.png>
Package pdftex.def Info: /home/sdorsher/LabNotebook/20170719/extrapolate7t472l3
i2.png used on input line 195.
(pdftex.def)             Requested size: 462.52686pt x 346.89514pt.

Overfull \hbox (117.52686pt too wide) in paragraph at lines 195--196
[][] 
 []


</home/sdorsher/LabNotebook/20170719/extrapolate7t472l2i3.png, id=38, 462.528pt
 x 346.896pt>
File: /home/sdorsher/LabNotebook/20170719/extrapolate7t472l2i3.png Graphic file
 (type png)

<use /home/sdorsher/LabNotebook/20170719/extrapolate7t472l2i3.png>
Package pdftex.def Info: /home/sdorsher/LabNotebook/20170719/extrapolate7t472l2
i3.png used on input line 199.
(pdftex.def)             Requested size: 462.52686pt x 346.89514pt.

Overfull \hbox (117.52686pt too wide) in paragraph at lines 199--200
[][] 
 []


</home/sdorsher/LabNotebook/20170719/extrapolate7lt472l2i5.png, id=39, 462.528p
t x 346.896pt>
File: /home/sdorsher/LabNotebook/20170719/extrapolate7lt472l2i5.png Graphic fil
e (type png)

<use /home/sdorsher/LabNotebook/20170719/extrapolate7lt472l2i5.png>
Package pdftex.def Info: /home/sdorsher/LabNotebook/20170719/extrapolate7lt472l
2i5.png used on input line 204.
(pdftex.def)             Requested size: 462.52686pt x 346.89514pt.

Overfull \hbox (117.52686pt too wide) in paragraph at lines 204--205
[][] 
 []


</home/sdorsher/LabNotebook/20170719/extrapolate7t472l2i6.png, id=40, 462.528pt
 x 346.896pt>
File: /home/sdorsher/LabNotebook/20170719/extrapolate7t472l2i6.png Graphic file
 (type png)

<use /home/sdorsher/LabNotebook/20170719/extrapolate7t472l2i6.png>
Package pdftex.def Info: /home/sdorsher/LabNotebook/20170719/extrapolate7t472l2
i6.png used on input line 208.
(pdftex.def)             Requested size: 462.52686pt x 346.89514pt.

Overfull \hbox (117.52686pt too wide) in paragraph at lines 208--209
[][] 
 []

Package epstopdf Info: Source file: </home/sdorsher/LabNotebook/20170719/manual
lyChosenBestFinft472.eps>
(epstopdf)                    date: 2017-07-19 15:10:43
(epstopdf)                    size: 34116 bytes
(epstopdf)             Output file: </home/sdorsher/LabNotebook/20170719/manual
lyChosenBestFinft472-eps-converted-to.pdf>
(epstopdf)                    date: 2017-07-19 17:08:25
(epstopdf)                    size: 13018 bytes
(epstopdf)             Command: <repstopdf --outfile=/home/sdorsher/LabNotebook
/20170719/manuallyChosenBestFinft472-eps-converted-to.pdf /home/sdorsher/LabNot
ebook/20170719/manuallyChosenBestFinft472.eps>
(epstopdf)             \includegraphics on input line 212.
Package epstopdf Info: Output file is already uptodate.

</home/sdorsher/LabNotebook/20170719/manuallyChosenBestFinft472-eps-converted-t
o.pdf, id=41, 361.35pt x 216.81pt>
File: /home/sdorsher/LabNotebook/20170719/manuallyChosenBestFinft472-eps-conver
ted-to.pdf Graphic file (type pdf)

<use /home/sdorsher/LabNotebook/20170719/manuallyChosenBestFinft472-eps-convert
ed-to.pdf>
Package pdftex.def Info: /home/sdorsher/LabNotebook/20170719/manuallyChosenBest
Finft472-eps-converted-to.pdf used on input line 212.
(pdftex.def)             Requested size: 361.34912pt x 216.80946pt.

Overfull \hbox (16.34912pt too wide) in paragraph at lines 212--213
[][] 
 []


</home/sdorsher/LabNotebook/20170720/extrapolate7t632l2i1.png, id=42, 462.528pt
 x 346.896pt>
File: /home/sdorsher/LabNotebook/20170720/extrapolate7t632l2i1.png Graphic file
 (type png)

<use /home/sdorsher/LabNotebook/20170720/extrapolate7t632l2i1.png>
Package pdftex.def Info: /home/sdorsher/LabNotebook/20170720/extrapolate7t632l2
i1.png used on input line 254.
(pdftex.def)             Requested size: 462.52686pt x 346.89514pt.

Overfull \hbox (117.52686pt too wide) in paragraph at lines 254--255
[][] 
 []


</home/sdorsher/LabNotebook/20170720/extrapolate7t632l2i2.png, id=43, 462.528pt
 x 346.896pt>
File: /home/sdorsher/LabNotebook/20170720/extrapolate7t632l2i2.png Graphic file
 (type png)

<use /home/sdorsher/LabNotebook/20170720/extrapolate7t632l2i2.png>
Package pdftex.def Info: /home/sdorsher/LabNotebook/20170720/extrapolate7t632l2
i2.png used on input line 258.
(pdftex.def)             Requested size: 462.52686pt x 346.89514pt.

Overfull \hbox (117.52686pt too wide) in paragraph at lines 258--259
[][] 
 []


</home/sdorsher/LabNotebook/20170720/extrapolate7t632l2i3.png, id=44, 462.528pt
 x 346.896pt>
File: /home/sdorsher/LabNotebook/20170720/extrapolate7t632l2i3.png Graphic file
 (type png)

<use /home/sdorsher/LabNotebook/20170720/extrapolate7t632l2i3.png>
Package pdftex.def Info: /home/sdorsher/LabNotebook/20170720/extrapolate7t632l2
i3.png used on input line 262.
(pdftex.def)             Requested size: 462.52686pt x 346.89514pt.

Overfull \hbox (117.52686pt too wide) in paragraph at lines 262--263
[][] 
 []


</home/sdorsher/LabNotebook/20170720/extrapolate7t632l2i5.png, id=45, 462.528pt
 x 346.896pt>
File: /home/sdorsher/LabNotebook/20170720/extrapolate7t632l2i5.png Graphic file
 (type png)

<use /home/sdorsher/LabNotebook/20170720/extrapolate7t632l2i5.png>
Package pdftex.def Info: /home/sdorsher/LabNotebook/20170720/extrapolate7t632l2
i5.png used on input line 266.
(pdftex.def)             Requested size: 462.52686pt x 346.89514pt.

Overfull \hbox (117.52686pt too wide) in paragraph at lines 266--267
[][] 
 []


</home/sdorsher/LabNotebook/20170720/extrapolate7t634l2i6.png, id=46, 462.528pt
 x 346.896pt>
File: /home/sdorsher/LabNotebook/20170720/extrapolate7t634l2i6.png Graphic file
 (type png)

<use /home/sdorsher/LabNotebook/20170720/extrapolate7t634l2i6.png>
Package pdftex.def Info: /home/sdorsher/LabNotebook/20170720/extrapolate7t634l2
i6.png used on input line 270.
(pdftex.def)             Requested size: 462.52686pt x 346.89514pt.

Overfull \hbox (117.52686pt too wide) in paragraph at lines 270--271
[][] 
 []

Package epstopdf Info: Source file: </home/sdorsher/LabNotebook/20170720/bestFi
nfManuallyChosent632l2.eps>
(epstopdf)                    date: 2017-07-21 19:05:43
(epstopdf)                    size: 39618 bytes
(epstopdf)             Output file: </home/sdorsher/LabNotebook/20170720/bestFi
nfManuallyChosent632l2-eps-converted-to.pdf>
(epstopdf)                    date: 2017-07-21 19:08:19
(epstopdf)                    size: 13457 bytes
(epstopdf)             Command: <repstopdf --outfile=/home/sdorsher/LabNotebook
/20170720/bestFinfManuallyChosent632l2-eps-converted-to.pdf /home/sdorsher/LabN
otebook/20170720/bestFinfManuallyChosent632l2.eps>
(epstopdf)             \includegraphics on input line 274.
Package epstopdf Info: Output file is already uptodate.

</home/sdorsher/LabNotebook/20170720/bestFinfManuallyChosent632l2-eps-converted
-to.pdf, id=47, 361.35pt x 216.81pt>
File: /home/sdorsher/LabNotebook/20170720/bestFinfManuallyChosent632l2-eps-conv
erted-to.pdf Graphic file (type pdf)

<use /home/sdorsher/LabNotebook/20170720/bestFinfManuallyChosent632l2-eps-conve
rted-to.pdf>
Package pdftex.def Info: /home/sdorsher/LabNotebook/20170720/bestFinfManuallyCh
osent632l2-eps-converted-to.pdf used on input line 274.
(pdftex.def)             Requested size: 361.34912pt x 216.80946pt.

Overfull \hbox (16.34912pt too wide) in paragraph at lines 274--275
[][] 
 []

Package epstopdf Info: Source file: </home/sdorsher/LabNotebook/20170725/relErr
BigSmallRangeOverTime.eps>
(epstopdf)                    date: 2017-07-25 14:53:17
(epstopdf)                    size: 36836 bytes
(epstopdf)             Output file: </home/sdorsher/LabNotebook/20170725/relErr
BigSmallRangeOverTime-eps-converted-to.pdf>
(epstopdf)                    date: 2017-07-26 19:15:08
(epstopdf)                    size: 13031 bytes
(epstopdf)             Command: <repstopdf --outfile=/home/sdorsher/LabNotebook
/20170725/relErrBigSmallRangeOverTime-eps-converted-to.pdf /home/sdorsher/LabNo
tebook/20170725/relErrBigSmallRangeOverTime.eps>
(epstopdf)             \includegraphics on input line 281.
Package epstopdf Info: Output file is already uptodate.

</home/sdorsher/LabNotebook/20170725/relErrBigSmallRangeOverTime-eps-converted-
to.pdf, id=48, 361.35pt x 216.81pt>
File: /home/sdorsher/LabNotebook/20170725/relErrBigSmallRangeOverTime-eps-conve
rted-to.pdf Graphic file (type pdf)

<use /home/sdorsher/LabNotebook/20170725/relErrBigSmallRangeOverTime-eps-conver
ted-to.pdf>
Package pdftex.def Info: /home/sdorsher/LabNotebook/20170725/relErrBigSmallRang
eOverTime-eps-converted-to.pdf used on input line 281.
(pdftex.def)             Requested size: 361.34912pt x 216.80946pt.

Overfull \hbox (16.34912pt too wide) in paragraph at lines 281--282
[][] 
 []

[1

{/var/lib/texmf/fonts/map/pdftex/updmap/pdftex.map}] [2 </home/sdorsher/LabNote
book/20170727/finfovertimel0-eps-converted-to.pdf>] [3 </home/sdorsher/LabNoteb
ook/20170727/finfovertimel1-eps-converted-to.pdf> </home/sdorsher/LabNotebook/2
0170727/finfovertimel2-eps-converted-to.pdf>] [4 </home/sdorsher/LabNotebook/20
170727/finfovertimel3-eps-converted-to.pdf> </home/sdorsher/LabNotebook/2017072
7/finfovertimel4-eps-converted-to.pdf>] [5 </home/sdorsher/LabNotebook/20170727
/finfovertimel5-eps-converted-to.pdf>] [6 </home/sdorsher/LabNotebook/20170727/
finfovertimel6-eps-converted-to.pdf> </home/sdorsher/LabNotebook/20170727/finfo
vertimel7-eps-converted-to.pdf>] [7 </home/sdorsher/LabNotebook/20170727/finfov
ertimel8-eps-converted-to.pdf> </home/sdorsher/LabNotebook/20170727/finfovertim
el9-eps-converted-to.pdf>] [8 </home/sdorsher/LabNotebook/20170727/finfovertime
l10-eps-converted-to.pdf> </home/sdorsher/LabNotebook/20170727/finfovertimel11-
eps-converted-to.pdf>] [9 </home/sdorsher/LabNotebook/20170727/finfovertimel12-
eps-converted-to.pdf> </home/sdorsher/LabNotebook/20170727/finfovertimel13-eps-
converted-to.pdf>] [10 </home/sdorsher/LabNotebook/20170727/finfovertimel14-eps
-converted-to.pdf> </home/sdorsher/LabNotebook/20170727/finfovertimel15-eps-con
verted-to.pdf>] [11 </home/sdorsher/LabNotebook/20170727/finfovertimel16-eps-co
nverted-to.pdf> </home/sdorsher/LabNotebook/20170727/finfovertimel17-eps-conver
ted-to.pdf>] [12 </home/sdorsher/LabNotebook/20170727/finfovertimel18-eps-conve
rted-to.pdf> </home/sdorsher/LabNotebook/20170727/finfovertimel19-eps-converted
-to.pdf>] [13 </home/sdorsher/LabNotebook/20170727/finfovertimel20-eps-converte
d-to.pdf> </home/sdorsher/LabNotebook/20170727/finfovertimel21-eps-converted-to
.pdf>] [14 </home/sdorsher/LabNotebook/20170727/finfovertimel22-eps-converted-t
o.pdf> </home/sdorsher/LabNotebook/20170727/finfovertimel23-eps-converted-to.pd
f>] [15 </home/sdorsher/LabNotebook/20170727/finfovertimel24-eps-converted-to.p
df> </home/sdorsher/LabNotebook/20170727/finfovertimel25-eps-converted-to.pdf>]
 [16 </home/sdorsher/LabNotebook/20170727/finfovertimel26-eps-converted-to.pdf>
 </home/sdorsher/LabNotebook/20170727/finfovertimel27-eps-converted-to.pdf>]
[17 </home/sdorsher/LabNotebook/20170727/finfovertimel28-eps-converted-to.pdf> 
</home/sdorsher/LabNotebook/20170727/finfovertimel29-eps-converted-to.pdf>]
[18 </home/sdorsher/LabNotebook/20170727/finfovertimel30-eps-converted-to.pdf> 
</home/sdorsher/LabNotebook/20170713/orbit-eps-converted-to.pdf>] [19 </home/sd
orsher/LabNotebook/20170713/extrapolate7plot.png>] [20 </home/sdorsher/LabNoteb
ook/20170714/finfovertimel3discontinuities-eps-converted-to.pdf> </home/sdorshe
r/LabNotebook/20170714/psirl_l3_order36-eps-converted-to.pdf>] [21 </home/sdors
her/LabNotebook/20170719/extrapolate7t472l3i2.png>] [22 </home/sdorsher/LabNote
book/20170719/extrapolate7t472l2i3.png>] [23 </home/sdorsher/LabNotebook/201707
19/extrapolate7lt472l2i5.png>] [24 </home/sdorsher/LabNotebook/20170719/extrapo
late7t472l2i6.png>] [25 </home/sdorsher/LabNotebook/20170719/manuallyChosenBest
Finft472-eps-converted-to.pdf>] [26 </home/sdorsher/LabNotebook/20170720/extrap
olate7t632l2i1.png>] [27 </home/sdorsher/LabNotebook/20170720/extrapolate7t632l
2i2.png>] [28 </home/sdorsher/LabNotebook/20170720/extrapolate7t632l2i3.png>]
[29 </home/sdorsher/LabNotebook/20170720/extrapolate7t632l2i5.png>] [30 </home/
sdorsher/LabNotebook/20170720/extrapolate7t634l2i6.png>]
Package epstopdf Info: Source file: </home/sdorsher/LabNotebook/20170724/relati
veError23termSelfForce.eps>
(epstopdf)                    date: 2017-07-24 18:00:36
(epstopdf)                    size: 36298 bytes
(epstopdf)             Output file: </home/sdorsher/LabNotebook/20170724/relati
veError23termSelfForce-eps-converted-to.pdf>
(epstopdf)                    date: 2017-07-24 18:25:53
(epstopdf)                    size: 15548 bytes
(epstopdf)             Command: <repstopdf --outfile=/home/sdorsher/LabNotebook
/20170724/relativeError23termSelfForce-eps-converted-to.pdf /home/sdorsher/LabN
otebook/20170724/relativeError23termSelfForce.eps>
(epstopdf)             \includegraphics on input line 288.
Package epstopdf Info: Output file is already uptodate.

</home/sdorsher/LabNotebook/20170724/relativeError23termSelfForce-eps-converted
-to.pdf, id=452, 361.35pt x 216.81pt>
File: /home/sdorsher/LabNotebook/20170724/relativeError23termSelfForce-eps-conv
erted-to.pdf Graphic file (type pdf)

<use /home/sdorsher/LabNotebook/20170724/relativeError23termSelfForce-eps-conve
rted-to.pdf>
Package pdftex.def Info: /home/sdorsher/LabNotebook/20170724/relativeError23ter
mSelfForce-eps-converted-to.pdf used on input line 288.
(pdftex.def)             Requested size: 361.34912pt x 216.80946pt.

Overfull \hbox (16.34912pt too wide) in paragraph at lines 288--289
[][] 
 []

Package epstopdf Info: Source file: </home/sdorsher/LabNotebook/20170724/minmax
medrelativeerror3termavgl.eps>
(epstopdf)                    date: 2017-07-24 18:00:07
(epstopdf)                    size: 39621 bytes
(epstopdf)             Output file: </home/sdorsher/LabNotebook/20170724/minmax
medrelativeerror3termavgl-eps-converted-to.pdf>
(epstopdf)                    date: 2017-07-24 18:25:53
(epstopdf)                    size: 13650 bytes
(epstopdf)             Command: <repstopdf --outfile=/home/sdorsher/LabNotebook
/20170724/minmaxmedrelativeerror3termavgl-eps-converted-to.pdf /home/sdorsher/L
abNotebook/20170724/minmaxmedrelativeerror3termavgl.eps>
(epstopdf)             \includegraphics on input line 293.
Package epstopdf Info: Output file is already uptodate.

</home/sdorsher/LabNotebook/20170724/minmaxmedrelativeerror3termavgl-eps-conver
ted-to.pdf, id=453, 361.35pt x 216.81pt>
File: /home/sdorsher/LabNotebook/20170724/minmaxmedrelativeerror3termavgl-eps-c
onverted-to.pdf Graphic file (type pdf)

<use /home/sdorsher/LabNotebook/20170724/minmaxmedrelativeerror3termavgl-eps-co
nverted-to.pdf>
Package pdftex.def Info: /home/sdorsher/LabNotebook/20170724/minmaxmedrelativee
rror3termavgl-eps-converted-to.pdf used on input line 293.
(pdftex.def)             Requested size: 361.34912pt x 216.80946pt.

Overfull \hbox (16.34912pt too wide) in paragraph at lines 293--294
[][] 
 []

Package epstopdf Info: Source file: </home/sdorsher/LabNotebook/20170724/bestfi
nfscriptplot.eps>
(epstopdf)                    date: 2017-07-24 18:01:12
(epstopdf)                    size: 41869 bytes
(epstopdf)             Output file: </home/sdorsher/LabNotebook/20170724/bestfi
nfscriptplot-eps-converted-to.pdf>
(epstopdf)                    date: 2017-07-24 18:25:53
(epstopdf)                    size: 13251 bytes
(epstopdf)             Command: <repstopdf --outfile=/home/sdorsher/LabNotebook
/20170724/bestfinfscriptplot-eps-converted-to.pdf /home/sdorsher/LabNotebook/20
170724/bestfinfscriptplot.eps>
(epstopdf)             \includegraphics on input line 298.
Package epstopdf Info: Output file is already uptodate.

</home/sdorsher/LabNotebook/20170724/bestfinfscriptplot-eps-converted-to.pdf, i
d=454, 361.35pt x 216.81pt>
File: /home/sdorsher/LabNotebook/20170724/bestfinfscriptplot-eps-converted-to.p
df Graphic file (type pdf)

<use /home/sdorsher/LabNotebook/20170724/bestfinfscriptplot-eps-converted-to.pd
f>
Package pdftex.def Info: /home/sdorsher/LabNotebook/20170724/bestfinfscriptplot
-eps-converted-to.pdf used on input line 298.
(pdftex.def)             Requested size: 361.34912pt x 216.80946pt.

Overfull \hbox (16.34912pt too wide) in paragraph at lines 298--299
[][] 
 []

[31 </home/sdorsher/LabNotebook/20170720/bestFinfManuallyChosent632l2-eps-conve
rted-to.pdf>] [32 </home/sdorsher/LabNotebook/20170725/relErrBigSmallRangeOverT
ime-eps-converted-to.pdf>] [33 </home/sdorsher/LabNotebook/20170724/relativeErr
or23termSelfForce-eps-converted-to.pdf>] [34 </home/sdorsher/LabNotebook/201707
24/minmaxmedrelativeerror3termavgl-eps-converted-to.pdf>] [35 </home/sdorsher/L
abNotebook/20170724/bestfinfscriptplot-eps-converted-to.pdf>]
(./labnotebook.aux) ) 
Here is how much of TeX's memory you used:
 2363 strings out of 493029
 44523 string characters out of 6136234
 103931 words of memory out of 5000000
 5823 multiletter control sequences out of 15000+600000
 8715 words of font info for 32 fonts, out of 8000000 for 9000
 1141 hyphenation exceptions out of 8191
 37i,7n,23p,1144b,213s stack positions out of 5000i,500n,10000p,200000b,80000s
</usr/share/texlive/texmf-dist/fonts/type1/public/amsfonts
/cm/cmbx12.pfb></usr/share/texlive/texmf-dist/fonts/type1/public/amsfonts/cm/cm
mi10.pfb></usr/share/texlive/texmf-dist/fonts/type1/public/amsfonts/cm/cmmi12.p
fb></usr/share/texlive/texmf-dist/fonts/type1/public/amsfonts/cm/cmr10.pfb></us
r/share/texlive/texmf-dist/fonts/type1/public/amsfonts/cm/cmr12.pfb></usr/share
/texlive/texmf-dist/fonts/type1/public/amsfonts/cm/cmr17.pfb></usr/share/texliv
e/texmf-dist/fonts/type1/public/amsfonts/cm/cmr7.pfb></usr/share/texlive/texmf-
dist/fonts/type1/public/amsfonts/cm/cmr8.pfb>
Output written on labnotebook.pdf (35 pages, 805532 bytes).
PDF statistics:
 546 PDF objects out of 1000 (max. 8388607)
 325 compressed objects within 4 object streams
 0 named destinations out of 1000 (max. 500000)
 251 words of extra memory for PDF output out of 10000 (max. 10000000)

