This is pdfTeX, Version 3.14159265-2.6-1.40.16 (TeX Live 2015/Debian) (preloaded format=pdflatex 2016.7.30)  13 JUL 2017 19:29
entering extended mode
 restricted \write18 enabled.
 %&-line parsing enabled.
**labnotebook.tex
(./labnotebook.tex
LaTeX2e <2016/02/01>
Babel <3.9q> and hyphenation patterns for 81 language(s) loaded.
(/usr/share/texlive/texmf-dist/tex/latex/base/article.cls
Document Class: article 2014/09/29 v1.4h Standard LaTeX document class
(/usr/share/texlive/texmf-dist/tex/latex/base/size10.clo
File: size10.clo 2014/09/29 v1.4h Standard LaTeX file (size option)
)
\c@part=\count79
\c@section=\count80
\c@subsection=\count81
\c@subsubsection=\count82
\c@paragraph=\count83
\c@subparagraph=\count84
\c@figure=\count85
\c@table=\count86
\abovecaptionskip=\skip41
\belowcaptionskip=\skip42
\bibindent=\dimen102
)
(/usr/share/texlive/texmf-dist/tex/latex/graphics/graphicx.sty
Package: graphicx 2014/10/28 v1.0g Enhanced LaTeX Graphics (DPC,SPQR)

(/usr/share/texlive/texmf-dist/tex/latex/graphics/keyval.sty
Package: keyval 2014/10/28 v1.15 key=value parser (DPC)
\KV@toks@=\toks14
)
(/usr/share/texlive/texmf-dist/tex/latex/graphics/graphics.sty
Package: graphics 2016/01/03 v1.0q Standard LaTeX Graphics (DPC,SPQR)

(/usr/share/texlive/texmf-dist/tex/latex/graphics/trig.sty
Package: trig 2016/01/03 v1.10 sin cos tan (DPC)
)
(/usr/share/texlive/texmf-dist/tex/latex/latexconfig/graphics.cfg
File: graphics.cfg 2010/04/23 v1.9 graphics configuration of TeX Live
)
Package graphics Info: Driver file: pdftex.def on input line 95.

(/usr/share/texlive/texmf-dist/tex/latex/pdftex-def/pdftex.def
File: pdftex.def 2011/05/27 v0.06d Graphics/color for pdfTeX

(/usr/share/texlive/texmf-dist/tex/generic/oberdiek/infwarerr.sty
Package: infwarerr 2010/04/08 v1.3 Providing info/warning/error messages (HO)
)
(/usr/share/texlive/texmf-dist/tex/generic/oberdiek/ltxcmds.sty
Package: ltxcmds 2011/11/09 v1.22 LaTeX kernel commands for general use (HO)
)
\Gread@gobject=\count87
))
\Gin@req@height=\dimen103
\Gin@req@width=\dimen104
)
(/usr/share/texlive/texmf-dist/tex/latex/amsmath/amsmath.sty
Package: amsmath 2016/03/03 v2.15a AMS math features
\@mathmargin=\skip43

For additional information on amsmath, use the `?' option.
(/usr/share/texlive/texmf-dist/tex/latex/amsmath/amstext.sty
Package: amstext 2000/06/29 v2.01 AMS text

(/usr/share/texlive/texmf-dist/tex/latex/amsmath/amsgen.sty
File: amsgen.sty 1999/11/30 v2.0 generic functions
\@emptytoks=\toks15
\ex@=\dimen105
))
(/usr/share/texlive/texmf-dist/tex/latex/amsmath/amsbsy.sty
Package: amsbsy 1999/11/29 v1.2d Bold Symbols
\pmbraise@=\dimen106
)
(/usr/share/texlive/texmf-dist/tex/latex/amsmath/amsopn.sty
Package: amsopn 1999/12/14 v2.01 operator names
)
\inf@bad=\count88
LaTeX Info: Redefining \frac on input line 199.
\uproot@=\count89
\leftroot@=\count90
LaTeX Info: Redefining \overline on input line 297.
\classnum@=\count91
\DOTSCASE@=\count92
LaTeX Info: Redefining \ldots on input line 394.
LaTeX Info: Redefining \dots on input line 397.
LaTeX Info: Redefining \cdots on input line 518.
\Mathstrutbox@=\box26
\strutbox@=\box27
\big@size=\dimen107
LaTeX Font Info:    Redeclaring font encoding OML on input line 630.
LaTeX Font Info:    Redeclaring font encoding OMS on input line 631.
\macc@depth=\count93
\c@MaxMatrixCols=\count94
\dotsspace@=\muskip10
\c@parentequation=\count95
\dspbrk@lvl=\count96
\tag@help=\toks16
\row@=\count97
\column@=\count98
\maxfields@=\count99
\andhelp@=\toks17
\eqnshift@=\dimen108
\alignsep@=\dimen109
\tagshift@=\dimen110
\tagwidth@=\dimen111
\totwidth@=\dimen112
\lineht@=\dimen113
\@envbody=\toks18
\multlinegap=\skip44
\multlinetaggap=\skip45
\mathdisplay@stack=\toks19
LaTeX Info: Redefining \[ on input line 2735.
LaTeX Info: Redefining \] on input line 2736.
)
(./labnotebook.aux)
\openout1 = `labnotebook.aux'.

LaTeX Font Info:    Checking defaults for OML/cmm/m/it on input line 4.
LaTeX Font Info:    ... okay on input line 4.
LaTeX Font Info:    Checking defaults for T1/cmr/m/n on input line 4.
LaTeX Font Info:    ... okay on input line 4.
LaTeX Font Info:    Checking defaults for OT1/cmr/m/n on input line 4.
LaTeX Font Info:    ... okay on input line 4.
LaTeX Font Info:    Checking defaults for OMS/cmsy/m/n on input line 4.
LaTeX Font Info:    ... okay on input line 4.
LaTeX Font Info:    Checking defaults for OMX/cmex/m/n on input line 4.
LaTeX Font Info:    ... okay on input line 4.
LaTeX Font Info:    Checking defaults for U/cmr/m/n on input line 4.
LaTeX Font Info:    ... okay on input line 4.

(/usr/share/texlive/texmf-dist/tex/context/base/supp-pdf.mkii
[Loading MPS to PDF converter (version 2006.09.02).]
\scratchcounter=\count100
\scratchdimen=\dimen114
\scratchbox=\box28
\nofMPsegments=\count101
\nofMParguments=\count102
\everyMPshowfont=\toks20
\MPscratchCnt=\count103
\MPscratchDim=\dimen115
\MPnumerator=\count104
\makeMPintoPDFobject=\count105
\everyMPtoPDFconversion=\toks21
) (/usr/share/texlive/texmf-dist/tex/generic/oberdiek/pdftexcmds.sty
Package: pdftexcmds 2011/11/29 v0.20 Utility functions of pdfTeX for LuaTeX (HO
)

(/usr/share/texlive/texmf-dist/tex/generic/oberdiek/ifluatex.sty
Package: ifluatex 2010/03/01 v1.3 Provides the ifluatex switch (HO)
Package ifluatex Info: LuaTeX not detected.
)
(/usr/share/texlive/texmf-dist/tex/generic/oberdiek/ifpdf.sty
Package: ifpdf 2011/01/30 v2.3 Provides the ifpdf switch (HO)
Package ifpdf Info: pdfTeX in PDF mode is detected.
)
Package pdftexcmds Info: LuaTeX not detected.
Package pdftexcmds Info: \pdf@primitive is available.
Package pdftexcmds Info: \pdf@ifprimitive is available.
Package pdftexcmds Info: \pdfdraftmode found.
)
(/usr/share/texlive/texmf-dist/tex/latex/oberdiek/epstopdf-base.sty
Package: epstopdf-base 2010/02/09 v2.5 Base part for package epstopdf

(/usr/share/texlive/texmf-dist/tex/latex/oberdiek/grfext.sty
Package: grfext 2010/08/19 v1.1 Manage graphics extensions (HO)

(/usr/share/texlive/texmf-dist/tex/generic/oberdiek/kvdefinekeys.sty
Package: kvdefinekeys 2011/04/07 v1.3 Define keys (HO)
))
(/usr/share/texlive/texmf-dist/tex/latex/oberdiek/kvoptions.sty
Package: kvoptions 2011/06/30 v3.11 Key value format for package options (HO)

(/usr/share/texlive/texmf-dist/tex/generic/oberdiek/kvsetkeys.sty
Package: kvsetkeys 2012/04/25 v1.16 Key value parser (HO)

(/usr/share/texlive/texmf-dist/tex/generic/oberdiek/etexcmds.sty
Package: etexcmds 2011/02/16 v1.5 Avoid name clashes with e-TeX commands (HO)
Package etexcmds Info: Could not find \expanded.
(etexcmds)             That can mean that you are not using pdfTeX 1.50 or
(etexcmds)             that some package has redefined \expanded.
(etexcmds)             In the latter case, load this package earlier.
)))
Package grfext Info: Graphics extension search list:
(grfext)             [.png,.pdf,.jpg,.mps,.jpeg,.jbig2,.jb2,.PNG,.PDF,.JPG,.JPE
G,.JBIG2,.JB2,.eps]
(grfext)             \AppendGraphicsExtensions on input line 452.

(/usr/share/texlive/texmf-dist/tex/latex/latexconfig/epstopdf-sys.cfg
File: epstopdf-sys.cfg 2010/07/13 v1.3 Configuration of (r)epstopdf for TeX Liv
e
))
Overfull \hbox (8.16728pt too wide) in paragraph at lines 18--19
\OT1/cmr/m/n/10 The self force evo-lu-tion is gen-er-ated from self-ForceOver-T
imeSin-gle-Point4term.csv,
 []


Overfull \hbox (1.50069pt too wide) in paragraph at lines 18--19
\OT1/cmr/m/n/10 self-ForceOver-TimeAvgS-mall-Range3Term.csv, and self-ForceOver
-TimeAvgS-mall-
 []

[1

{/var/lib/texmf/fonts/map/pdftex/updmap/pdftex.map}]
Package epstopdf Info: Source file: <finfOverTimeHighL.eps>
(epstopdf)                    date: 2017-07-13 18:18:16
(epstopdf)                    size: 44222 bytes
(epstopdf)             Output file: <finfOverTimeHighL-eps-converted-to.pdf>
(epstopdf)                    date: 2017-07-13 18:24:38
(epstopdf)                    size: 14105 bytes
(epstopdf)             Command: <repstopdf --outfile=finfOverTimeHighL-eps-conv
erted-to.pdf finfOverTimeHighL.eps>
(epstopdf)             \includegraphics on input line 29.
Package epstopdf Info: Output file is already uptodate.

<finfOverTimeHighL-eps-converted-to.pdf, id=11, 361.35pt x 216.81pt>
File: finfOverTimeHighL-eps-converted-to.pdf Graphic file (type pdf)

<use finfOverTimeHighL-eps-converted-to.pdf>
Package pdftex.def Info: finfOverTimeHighL-eps-converted-to.pdf used on input l
ine 29.
(pdftex.def)             Requested size: 361.34912pt x 216.80946pt.

Overfull \hbox (16.34912pt too wide) in paragraph at lines 29--30
[][] 
 []

Package epstopdf Info: Source file: <finfOverTimeL4.eps>
(epstopdf)                    date: 2017-07-13 18:18:16
(epstopdf)                    size: 27717 bytes
(epstopdf)             Output file: <finfOverTimeL4-eps-converted-to.pdf>
(epstopdf)                    date: 2017-07-13 18:24:38
(epstopdf)                    size: 11383 bytes
(epstopdf)             Command: <repstopdf --outfile=finfOverTimeL4-eps-convert
ed-to.pdf finfOverTimeL4.eps>
(epstopdf)             \includegraphics on input line 32.
Package epstopdf Info: Output file is already uptodate.
<finfOverTimeL4-eps-converted-to.pdf, id=12, 361.35pt x 216.81pt>
File: finfOverTimeL4-eps-converted-to.pdf Graphic file (type pdf)

<use finfOverTimeL4-eps-converted-to.pdf>
Package pdftex.def Info: finfOverTimeL4-eps-converted-to.pdf used on input line
 32.
(pdftex.def)             Requested size: 361.34912pt x 216.80946pt.

Overfull \hbox (16.34912pt too wide) in paragraph at lines 32--33
[][] 
 []

Package epstopdf Info: Source file: <finfOverTimeL6.eps>
(epstopdf)                    date: 2017-07-13 18:18:16
(epstopdf)                    size: 28086 bytes
(epstopdf)             Output file: <finfOverTimeL6-eps-converted-to.pdf>
(epstopdf)                    date: 2017-07-13 18:24:39
(epstopdf)                    size: 11577 bytes
(epstopdf)             Command: <repstopdf --outfile=finfOverTimeL6-eps-convert
ed-to.pdf finfOverTimeL6.eps>
(epstopdf)             \includegraphics on input line 35.
Package epstopdf Info: Output file is already uptodate.
<finfOverTimeL6-eps-converted-to.pdf, id=13, 361.35pt x 216.81pt>
File: finfOverTimeL6-eps-converted-to.pdf Graphic file (type pdf)

<use finfOverTimeL6-eps-converted-to.pdf>
Package pdftex.def Info: finfOverTimeL6-eps-converted-to.pdf used on input line
 35.
(pdftex.def)             Requested size: 361.34912pt x 216.80946pt.

Overfull \hbox (16.34912pt too wide) in paragraph at lines 35--36
[][] 
 []

Package epstopdf Info: Source file: <finfOverTimeL29.eps>
(epstopdf)                    date: 2017-07-13 18:18:16
(epstopdf)                    size: 28572 bytes
(epstopdf)             Output file: <finfOverTimeL29-eps-converted-to.pdf>
(epstopdf)                    date: 2017-07-13 18:24:39
(epstopdf)                    size: 11620 bytes
(epstopdf)             Command: <repstopdf --outfile=finfOverTimeL29-eps-conver
ted-to.pdf finfOverTimeL29.eps>
(epstopdf)             \includegraphics on input line 38.
Package epstopdf Info: Output file is already uptodate.
<finfOverTimeL29-eps-converted-to.pdf, id=14, 361.35pt x 216.81pt>
File: finfOverTimeL29-eps-converted-to.pdf Graphic file (type pdf)

<use finfOverTimeL29-eps-converted-to.pdf>
Package pdftex.def Info: finfOverTimeL29-eps-converted-to.pdf used on input lin
e 38.
(pdftex.def)             Requested size: 361.34912pt x 216.80946pt.

Overfull \hbox (16.34912pt too wide) in paragraph at lines 38--39
[][] 
 []

Package epstopdf Info: Source file: <finfOverTimeL30.eps>
(epstopdf)                    date: 2017-07-13 18:18:16
(epstopdf)                    size: 28097 bytes
(epstopdf)             Output file: <finfOverTimeL30-eps-converted-to.pdf>
(epstopdf)                    date: 2017-07-13 18:24:39
(epstopdf)                    size: 11455 bytes
(epstopdf)             Command: <repstopdf --outfile=finfOverTimeL30-eps-conver
ted-to.pdf finfOverTimeL30.eps>
(epstopdf)             \includegraphics on input line 41.
Package epstopdf Info: Output file is already uptodate.
<finfOverTimeL30-eps-converted-to.pdf, id=15, 361.35pt x 216.81pt>
File: finfOverTimeL30-eps-converted-to.pdf Graphic file (type pdf)

<use finfOverTimeL30-eps-converted-to.pdf>
Package pdftex.def Info: finfOverTimeL30-eps-converted-to.pdf used on input lin
e 41.
(pdftex.def)             Requested size: 361.34912pt x 216.80946pt.

Overfull \hbox (16.34912pt too wide) in paragraph at lines 41--42
[][] 
 []

Package epstopdf Info: Source file: <orbit.eps>
(epstopdf)                    date: 2017-07-13 19:14:11
(epstopdf)                    size: 215781 bytes
(epstopdf)             Output file: <orbit-eps-converted-to.pdf>
(epstopdf)             Command: <repstopdf --outfile=orbit-eps-converted-to.pdf
 orbit.eps>
(epstopdf)             \includegraphics on input line 45.
runsystem(repstopdf --outfile=orbit-eps-converted-to.pdf orbit.eps)...executed 
safely (allowed).

Package epstopdf Info: Result file: <orbit-eps-converted-to.pdf>
(epstopdf)                    date: 2017-07-13 19:29:12
(epstopdf)                    size: 52057 bytes.
<orbit-eps-converted-to.pdf, id=16, 361.35pt x 216.81pt>
File: orbit-eps-converted-to.pdf Graphic file (type pdf)

<use orbit-eps-converted-to.pdf>
Package pdftex.def Info: orbit-eps-converted-to.pdf used on input line 45.
(pdftex.def)             Requested size: 361.34912pt x 216.80946pt.

Overfull \hbox (16.34912pt too wide) in paragraph at lines 45--46
[][] 
 []

Package epstopdf Info: Source file: <selfforceavgsmallrange3term.eps>
(epstopdf)                    date: 2017-07-13 18:46:18
(epstopdf)                    size: 34640 bytes
(epstopdf)             Output file: <selfforceavgsmallrange3term-eps-converted-
to.pdf>
(epstopdf)                    date: 2017-07-13 18:47:29
(epstopdf)                    size: 12445 bytes
(epstopdf)             Command: <repstopdf --outfile=selfforceavgsmallrange3ter
m-eps-converted-to.pdf selfforceavgsmallrange3term.eps>
(epstopdf)             \includegraphics on input line 52.
Package epstopdf Info: Output file is already uptodate.

<selfforceavgsmallrange3term-eps-converted-to.pdf, id=17, 361.35pt x 216.81pt>
File: selfforceavgsmallrange3term-eps-converted-to.pdf Graphic file (type pdf)

<use selfforceavgsmallrange3term-eps-converted-to.pdf>
Package pdftex.def Info: selfforceavgsmallrange3term-eps-converted-to.pdf used 
on input line 52.
(pdftex.def)             Requested size: 361.34912pt x 216.80946pt.

Overfull \hbox (16.34912pt too wide) in paragraph at lines 52--53
[][] 
 []

Package epstopdf Info: Source file: <selfforceavgsmallrange4term.eps>
(epstopdf)                    date: 2017-07-13 18:46:18
(epstopdf)                    size: 34625 bytes
(epstopdf)             Output file: <selfforceavgsmallrange4term-eps-converted-
to.pdf>
(epstopdf)                    date: 2017-07-13 18:47:29
(epstopdf)                    size: 12441 bytes
(epstopdf)             Command: <repstopdf --outfile=selfforceavgsmallrange4ter
m-eps-converted-to.pdf selfforceavgsmallrange4term.eps>
(epstopdf)             \includegraphics on input line 55.
Package epstopdf Info: Output file is already uptodate.

<selfforceavgsmallrange4term-eps-converted-to.pdf, id=18, 361.35pt x 216.81pt>
File: selfforceavgsmallrange4term-eps-converted-to.pdf Graphic file (type pdf)

<use selfforceavgsmallrange4term-eps-converted-to.pdf>
Package pdftex.def Info: selfforceavgsmallrange4term-eps-converted-to.pdf used 
on input line 55.
(pdftex.def)             Requested size: 361.34912pt x 216.80946pt.

Overfull \hbox (16.34912pt too wide) in paragraph at lines 55--56
[][] 
 []


<bestfinflminlmax234terms635fullrange_perihelion.png, id=19, 462.528pt x 346.89
6pt>
File: bestfinflminlmax234terms635fullrange_perihelion.png Graphic file (type pn
g)
 <use bestfinflminlmax234terms635fullrange_perihelion.png>
Package pdftex.def Info: bestfinflminlmax234terms635fullrange_perihelion.png us
ed on input line 59.
(pdftex.def)             Requested size: 462.52686pt x 346.89514pt.

Overfull \hbox (117.52686pt too wide) in paragraph at lines 59--60
[][] 
 []


<bestfinflminlmax234termst635smallrange_perihelion.png, id=21, 462.528pt x 346.
896pt>
File: bestfinflminlmax234termst635smallrange_perihelion.png Graphic file (type 
png)
 <use bestfinflminlmax234termst635smallrange_perihelion.png>
Package pdftex.def Info: bestfinflminlmax234termst635smallrange_perihelion.png 
used on input line 64.
(pdftex.def)             Requested size: 462.52686pt x 346.89514pt.

Overfull \hbox (117.52686pt too wide) in paragraph at lines 64--65
[][] 
 []

<bestfinflminlmax234termst410fullrange.png, id=22, 462.528pt x 346.896pt>
File: bestfinflminlmax234termst410fullrange.png Graphic file (type png)

<use bestfinflminlmax234termst410fullrange.png>
Package pdftex.def Info: bestfinflminlmax234termst410fullrange.png used on inpu
t line 70.
(pdftex.def)             Requested size: 462.52686pt x 346.89514pt.

Overfull \hbox (117.52686pt too wide) in paragraph at lines 70--71
[][] 
 []

<extrapolate7plot.png, id=23, 586.8324pt x 442.2924pt>
File: extrapolate7plot.png Graphic file (type png)

<use extrapolate7plot.png>
Package pdftex.def Info: extrapolate7plot.png used on input line 75.
(pdftex.def)             Requested size: 586.83096pt x 442.29132pt.

Overfull \hbox (241.83096pt too wide) in paragraph at lines 75--76
[][] 
 []

[2] [3 <./finfOverTimeHighL-eps-converted-to.pdf> <./finfOverTimeL4-eps-convert
ed-to.pdf>] [4 <./finfOverTimeL6-eps-converted-to.pdf> <./finfOverTimeL29-eps-c
onverted-to.pdf>] [5 <./finfOverTimeL30-eps-converted-to.pdf> <./orbit-eps-conv
erted-to.pdf>] [6 <./selfforceavgsmallrange3term-eps-converted-to.pdf> <./selff
orceavgsmallrange4term-eps-converted-to.pdf>] [7 <./bestfinflminlmax234terms635
fullrange_perihelion.png>] [8 <./bestfinflminlmax234termst635smallrange_perihel
ion.png>] [9 <./bestfinflminlmax234termst410fullrange.png>] [10 <./extrapolate7
plot.png>] (./labnotebook.aux) ) 
Here is how much of TeX's memory you used:
 2165 strings out of 493029
 30516 string characters out of 6136234
 92931 words of memory out of 5000000
 5669 multiletter control sequences out of 15000+600000
 8300 words of font info for 30 fonts, out of 8000000 for 9000
 1141 hyphenation exceptions out of 8191
 38i,6n,23p,1000b,213s stack positions out of 5000i,500n,10000p,200000b,80000s
</usr/share/texlive/texmf-dist/fonts/type1/publ
ic/amsfonts/cm/cmbx12.pfb></usr/share/texlive/texmf-dist/fonts/type1/public/ams
fonts/cm/cmr10.pfb></usr/share/texlive/texmf-dist/fonts/type1/public/amsfonts/c
m/cmr12.pfb></usr/share/texlive/texmf-dist/fonts/type1/public/amsfonts/cm/cmr17
.pfb></usr/share/texlive/texmf-dist/fonts/type1/public/amsfonts/cm/cmti10.pfb>
Output written on labnotebook.pdf (10 pages, 494003 bytes).
PDF statistics:
 128 PDF objects out of 1000 (max. 8388607)
 76 compressed objects within 1 object stream
 0 named destinations out of 1000 (max. 500000)
 61 words of extra memory for PDF output out of 10000 (max. 10000000)

