This is pdfTeX, Version 3.14159265-2.6-1.40.16 (TeX Live 2015/Debian) (preloaded format=pdflatex 2016.7.30)  14 JUL 2017 19:11
entering extended mode
 restricted \write18 enabled.
 %&-line parsing enabled.
**labnotebook.tex
(./labnotebook.tex
LaTeX2e <2016/02/01>
Babel <3.9q> and hyphenation patterns for 81 language(s) loaded.
(/usr/share/texlive/texmf-dist/tex/latex/base/article.cls
Document Class: article 2014/09/29 v1.4h Standard LaTeX document class
(/usr/share/texlive/texmf-dist/tex/latex/base/size10.clo
File: size10.clo 2014/09/29 v1.4h Standard LaTeX file (size option)
)
\c@part=\count79
\c@section=\count80
\c@subsection=\count81
\c@subsubsection=\count82
\c@paragraph=\count83
\c@subparagraph=\count84
\c@figure=\count85
\c@table=\count86
\abovecaptionskip=\skip41
\belowcaptionskip=\skip42
\bibindent=\dimen102
)
(/usr/share/texlive/texmf-dist/tex/latex/graphics/graphicx.sty
Package: graphicx 2014/10/28 v1.0g Enhanced LaTeX Graphics (DPC,SPQR)

(/usr/share/texlive/texmf-dist/tex/latex/graphics/keyval.sty
Package: keyval 2014/10/28 v1.15 key=value parser (DPC)
\KV@toks@=\toks14
)
(/usr/share/texlive/texmf-dist/tex/latex/graphics/graphics.sty
Package: graphics 2016/01/03 v1.0q Standard LaTeX Graphics (DPC,SPQR)

(/usr/share/texlive/texmf-dist/tex/latex/graphics/trig.sty
Package: trig 2016/01/03 v1.10 sin cos tan (DPC)
)
(/usr/share/texlive/texmf-dist/tex/latex/latexconfig/graphics.cfg
File: graphics.cfg 2010/04/23 v1.9 graphics configuration of TeX Live
)
Package graphics Info: Driver file: pdftex.def on input line 95.

(/usr/share/texlive/texmf-dist/tex/latex/pdftex-def/pdftex.def
File: pdftex.def 2011/05/27 v0.06d Graphics/color for pdfTeX

(/usr/share/texlive/texmf-dist/tex/generic/oberdiek/infwarerr.sty
Package: infwarerr 2010/04/08 v1.3 Providing info/warning/error messages (HO)
)
(/usr/share/texlive/texmf-dist/tex/generic/oberdiek/ltxcmds.sty
Package: ltxcmds 2011/11/09 v1.22 LaTeX kernel commands for general use (HO)
)
\Gread@gobject=\count87
))
\Gin@req@height=\dimen103
\Gin@req@width=\dimen104
)
(/usr/share/texlive/texmf-dist/tex/latex/amsmath/amsmath.sty
Package: amsmath 2016/03/03 v2.15a AMS math features
\@mathmargin=\skip43

For additional information on amsmath, use the `?' option.
(/usr/share/texlive/texmf-dist/tex/latex/amsmath/amstext.sty
Package: amstext 2000/06/29 v2.01 AMS text

(/usr/share/texlive/texmf-dist/tex/latex/amsmath/amsgen.sty
File: amsgen.sty 1999/11/30 v2.0 generic functions
\@emptytoks=\toks15
\ex@=\dimen105
))
(/usr/share/texlive/texmf-dist/tex/latex/amsmath/amsbsy.sty
Package: amsbsy 1999/11/29 v1.2d Bold Symbols
\pmbraise@=\dimen106
)
(/usr/share/texlive/texmf-dist/tex/latex/amsmath/amsopn.sty
Package: amsopn 1999/12/14 v2.01 operator names
)
\inf@bad=\count88
LaTeX Info: Redefining \frac on input line 199.
\uproot@=\count89
\leftroot@=\count90
LaTeX Info: Redefining \overline on input line 297.
\classnum@=\count91
\DOTSCASE@=\count92
LaTeX Info: Redefining \ldots on input line 394.
LaTeX Info: Redefining \dots on input line 397.
LaTeX Info: Redefining \cdots on input line 518.
\Mathstrutbox@=\box26
\strutbox@=\box27
\big@size=\dimen107
LaTeX Font Info:    Redeclaring font encoding OML on input line 630.
LaTeX Font Info:    Redeclaring font encoding OMS on input line 631.
\macc@depth=\count93
\c@MaxMatrixCols=\count94
\dotsspace@=\muskip10
\c@parentequation=\count95
\dspbrk@lvl=\count96
\tag@help=\toks16
\row@=\count97
\column@=\count98
\maxfields@=\count99
\andhelp@=\toks17
\eqnshift@=\dimen108
\alignsep@=\dimen109
\tagshift@=\dimen110
\tagwidth@=\dimen111
\totwidth@=\dimen112
\lineht@=\dimen113
\@envbody=\toks18
\multlinegap=\skip44
\multlinetaggap=\skip45
\mathdisplay@stack=\toks19
LaTeX Info: Redefining \[ on input line 2735.
LaTeX Info: Redefining \] on input line 2736.
)
(./labnotebook.aux)
\openout1 = `labnotebook.aux'.

LaTeX Font Info:    Checking defaults for OML/cmm/m/it on input line 3.
LaTeX Font Info:    ... okay on input line 3.
LaTeX Font Info:    Checking defaults for T1/cmr/m/n on input line 3.
LaTeX Font Info:    ... okay on input line 3.
LaTeX Font Info:    Checking defaults for OT1/cmr/m/n on input line 3.
LaTeX Font Info:    ... okay on input line 3.
LaTeX Font Info:    Checking defaults for OMS/cmsy/m/n on input line 3.
LaTeX Font Info:    ... okay on input line 3.
LaTeX Font Info:    Checking defaults for OMX/cmex/m/n on input line 3.
LaTeX Font Info:    ... okay on input line 3.
LaTeX Font Info:    Checking defaults for U/cmr/m/n on input line 3.
LaTeX Font Info:    ... okay on input line 3.

(/usr/share/texlive/texmf-dist/tex/context/base/supp-pdf.mkii
[Loading MPS to PDF converter (version 2006.09.02).]
\scratchcounter=\count100
\scratchdimen=\dimen114
\scratchbox=\box28
\nofMPsegments=\count101
\nofMParguments=\count102
\everyMPshowfont=\toks20
\MPscratchCnt=\count103
\MPscratchDim=\dimen115
\MPnumerator=\count104
\makeMPintoPDFobject=\count105
\everyMPtoPDFconversion=\toks21
) (/usr/share/texlive/texmf-dist/tex/generic/oberdiek/pdftexcmds.sty
Package: pdftexcmds 2011/11/29 v0.20 Utility functions of pdfTeX for LuaTeX (HO
)

(/usr/share/texlive/texmf-dist/tex/generic/oberdiek/ifluatex.sty
Package: ifluatex 2010/03/01 v1.3 Provides the ifluatex switch (HO)
Package ifluatex Info: LuaTeX not detected.
)
(/usr/share/texlive/texmf-dist/tex/generic/oberdiek/ifpdf.sty
Package: ifpdf 2011/01/30 v2.3 Provides the ifpdf switch (HO)
Package ifpdf Info: pdfTeX in PDF mode is detected.
)
Package pdftexcmds Info: LuaTeX not detected.
Package pdftexcmds Info: \pdf@primitive is available.
Package pdftexcmds Info: \pdf@ifprimitive is available.
Package pdftexcmds Info: \pdfdraftmode found.
)
(/usr/share/texlive/texmf-dist/tex/latex/oberdiek/epstopdf-base.sty
Package: epstopdf-base 2010/02/09 v2.5 Base part for package epstopdf

(/usr/share/texlive/texmf-dist/tex/latex/oberdiek/grfext.sty
Package: grfext 2010/08/19 v1.1 Manage graphics extensions (HO)

(/usr/share/texlive/texmf-dist/tex/generic/oberdiek/kvdefinekeys.sty
Package: kvdefinekeys 2011/04/07 v1.3 Define keys (HO)
))
(/usr/share/texlive/texmf-dist/tex/latex/oberdiek/kvoptions.sty
Package: kvoptions 2011/06/30 v3.11 Key value format for package options (HO)

(/usr/share/texlive/texmf-dist/tex/generic/oberdiek/kvsetkeys.sty
Package: kvsetkeys 2012/04/25 v1.16 Key value parser (HO)

(/usr/share/texlive/texmf-dist/tex/generic/oberdiek/etexcmds.sty
Package: etexcmds 2011/02/16 v1.5 Avoid name clashes with e-TeX commands (HO)
Package etexcmds Info: Could not find \expanded.
(etexcmds)             That can mean that you are not using pdfTeX 1.50 or
(etexcmds)             that some package has redefined \expanded.
(etexcmds)             In the latter case, load this package earlier.
)))
Package grfext Info: Graphics extension search list:
(grfext)             [.png,.pdf,.jpg,.mps,.jpeg,.jbig2,.jb2,.PNG,.PDF,.JPG,.JPE
G,.JBIG2,.JB2,.eps]
(grfext)             \AppendGraphicsExtensions on input line 452.

(/usr/share/texlive/texmf-dist/tex/latex/latexconfig/epstopdf-sys.cfg
File: epstopdf-sys.cfg 2010/07/13 v1.3 Configuration of (r)epstopdf for TeX Liv
e
))
LaTeX Font Info:    Try loading font information for OMS+cmr on input line 16.

(/usr/share/texlive/texmf-dist/tex/latex/base/omscmr.fd
File: omscmr.fd 2014/09/29 v2.5h Standard LaTeX font definitions
)
LaTeX Font Info:    Font shape `OMS/cmr/m/n' in size <10> not available
(Font)              Font shape `OMS/cmsy/m/n' tried instead on input line 16.
 [1

{/var/lib/texmf/fonts/map/pdftex/updmap/pdftex.map}]
Package epstopdf Info: Source file: <finfovertimel3discontinuities.eps>
(epstopdf)                    date: 2017-07-14 17:17:56
(epstopdf)                    size: 25759 bytes
(epstopdf)             Output file: <finfovertimel3discontinuities-eps-converte
d-to.pdf>
(epstopdf)                    date: 2017-07-14 19:09:18
(epstopdf)                    size: 10698 bytes
(epstopdf)             Command: <repstopdf --outfile=finfovertimel3discontinuit
ies-eps-converted-to.pdf finfovertimel3discontinuities.eps>
(epstopdf)             \includegraphics on input line 27.
Package epstopdf Info: Output file is already uptodate.

<finfovertimel3discontinuities-eps-converted-to.pdf, id=11, 361.35pt x 216.81pt
>
File: finfovertimel3discontinuities-eps-converted-to.pdf Graphic file (type pdf
)
 <use finfovertimel3discontinuities-eps-converted-to.pdf>
Package pdftex.def Info: finfovertimel3discontinuities-eps-converted-to.pdf use
d on input line 27.
(pdftex.def)             Requested size: 361.34912pt x 216.80946pt.

Overfull \hbox (16.34912pt too wide) in paragraph at lines 27--28
[][] 
 []

Package epstopdf Info: Source file: <nmaxovertimel3nofeaturesatdiscontinuitiesi
nfinf.eps>
(epstopdf)                    date: 2017-07-14 17:17:56
(epstopdf)                    size: 26597 bytes
(epstopdf)             Output file: <nmaxovertimel3nofeaturesatdiscontinuitiesi
nfinf-eps-converted-to.pdf>
(epstopdf)                    date: 2017-07-14 19:09:18
(epstopdf)                    size: 10994 bytes
(epstopdf)             Command: <repstopdf --outfile=nmaxovertimel3nofeaturesat
discontinuitiesinfinf-eps-converted-to.pdf nmaxovertimel3nofeaturesatdiscontinu
itiesinfinf.eps>
(epstopdf)             \includegraphics on input line 31.
Package epstopdf Info: Output file is already uptodate.

<nmaxovertimel3nofeaturesatdiscontinuitiesinfinf-eps-converted-to.pdf, id=12, 3
61.35pt x 216.81pt>
File: nmaxovertimel3nofeaturesatdiscontinuitiesinfinf-eps-converted-to.pdf Grap
hic file (type pdf)

<use nmaxovertimel3nofeaturesatdiscontinuitiesinfinf-eps-converted-to.pdf>
Package pdftex.def Info: nmaxovertimel3nofeaturesatdiscontinuitiesinfinf-eps-co
nverted-to.pdf used on input line 31.
(pdftex.def)             Requested size: 361.34912pt x 216.80946pt.

Overfull \hbox (16.34912pt too wide) in paragraph at lines 31--32
[][] 
 []

Package epstopdf Info: Source file: <psirl_l3_order36.eps>
(epstopdf)                    date: 2017-07-14 17:27:45
(epstopdf)                    size: 198621 bytes
(epstopdf)             Output file: <psirl_l3_order36-eps-converted-to.pdf>
(epstopdf)                    date: 2017-07-14 19:09:18
(epstopdf)                    size: 45634 bytes
(epstopdf)             Command: <repstopdf --outfile=psirl_l3_order36-eps-conve
rted-to.pdf psirl_l3_order36.eps>
(epstopdf)             \includegraphics on input line 35.
Package epstopdf Info: Output file is already uptodate.
<psirl_l3_order36-eps-converted-to.pdf, id=13, 361.35pt x 216.81pt>
File: psirl_l3_order36-eps-converted-to.pdf Graphic file (type pdf)

<use psirl_l3_order36-eps-converted-to.pdf>
Package pdftex.def Info: psirl_l3_order36-eps-converted-to.pdf used on input li
ne 35.
(pdftex.def)             Requested size: 361.34912pt x 216.80946pt.

Overfull \hbox (16.34912pt too wide) in paragraph at lines 35--36
[][] 
 []

Package epstopdf Info: Source file: <psirl_l3_order36_t640zoom.eps>
(epstopdf)                    date: 2017-07-14 17:27:45
(epstopdf)                    size: 31947 bytes
(epstopdf)             Output file: <psirl_l3_order36_t640zoom-eps-converted-to
.pdf>
(epstopdf)                    date: 2017-07-14 19:09:19
(epstopdf)                    size: 13725 bytes
(epstopdf)             Command: <repstopdf --outfile=psirl_l3_order36_t640zoom-
eps-converted-to.pdf psirl_l3_order36_t640zoom.eps>
(epstopdf)             \includegraphics on input line 40.
Package epstopdf Info: Output file is already uptodate.
<psirl_l3_order36_t640zoom-eps-converted-to.pdf, id=14, 361.35pt x 216.81pt>
File: psirl_l3_order36_t640zoom-eps-converted-to.pdf Graphic file (type pdf)

<use psirl_l3_order36_t640zoom-eps-converted-to.pdf>
Package pdftex.def Info: psirl_l3_order36_t640zoom-eps-converted-to.pdf used on
 input line 40.
(pdftex.def)             Requested size: 361.34912pt x 216.80946pt.

Overfull \hbox (16.34912pt too wide) in paragraph at lines 40--41
[][] 
 []

[2 <./finfovertimel3discontinuities-eps-converted-to.pdf>] [3 <./nmaxovertimel3
nofeaturesatdiscontinuitiesinfinf-eps-converted-to.pdf> <./psirl_l3_order36-eps
-converted-to.pdf>] [4 <./psirl_l3_order36_t640zoom-eps-converted-to.pdf>]
(./labnotebook.aux) ) 
Here is how much of TeX's memory you used:
 2139 strings out of 493029
 29355 string characters out of 6136234
 91931 words of memory out of 5000000
 5649 multiletter control sequences out of 15000+600000
 7954 words of font info for 29 fonts, out of 8000000 for 9000
 1141 hyphenation exceptions out of 8191
 38i,6n,23p,881b,209s stack positions out of 5000i,500n,10000p,200000b,80000s
</usr/share/texlive/texmf-dist/fonts/type1/public/amsfonts
/cm/cmbx12.pfb></usr/share/texlive/texmf-dist/fonts/type1/public/amsfonts/cm/cm
r10.pfb></usr/share/texlive/texmf-dist/fonts/type1/public/amsfonts/cm/cmr12.pfb
></usr/share/texlive/texmf-dist/fonts/type1/public/amsfonts/cm/cmr17.pfb></usr/
share/texlive/texmf-dist/fonts/type1/public/amsfonts/cm/cmsy10.pfb>
Output written on labnotebook.pdf (4 pages, 133881 bytes).
PDF statistics:
 65 PDF objects out of 1000 (max. 8388607)
 41 compressed objects within 1 object stream
 0 named destinations out of 1000 (max. 500000)
 21 words of extra memory for PDF output out of 10000 (max. 10000000)

